{"numTotalTestSuites":247,"numPassedTestSuites":247,"numFailedTestSuites":0,"numPendingTestSuites":0,"numTotalTests":725,"numPassedTests":725,"numFailedTests":0,"numPendingTests":0,"numTodoTests":0,"snapshot":{"added":0,"failure":false,"filesAdded":0,"filesRemoved":0,"filesRemovedList":[],"filesUnmatched":0,"filesUpdated":0,"matched":0,"total":0,"unchecked":0,"uncheckedKeysByFile":[],"unmatched":0,"updated":0,"didUpdate":false},"startTime":1770895567531,"success":true,"testResults":[{"assertionResults":[{"ancestorTitles":["Core Logic Tests","Prompt Cleaning"],"fullName":"Core Logic Tests Prompt Cleaning should clean prompt text correctly (commas, newlines)","status":"passed","title":"should clean prompt text correctly (commas, newlines)","duration":3.480199999999968,"failureMessages":[],"meta":{}},{"ancestorTitles":["Core Logic Tests","Prompt Cleaning"],"fullName":"Core Logic Tests Prompt Cleaning should handle weighting syntax (tag:1.2)","status":"passed","title":"should handle weighting syntax (tag:1.2)","duration":1.681400000000167,"failureMessages":[],"meta":{}},{"ancestorTitles":["Core Logic Tests","processMetadata (Tag & Annotation)"],"fullName":"Core Logic Tests processMetadata (Tag & Annotation) should generate tags using ONLY base sampler info","status":"passed","title":"should generate tags using ONLY base sampler info","duration":2.139599999999973,"failureMessages":[],"meta":{}},{"ancestorTitles":["Core Logic Tests","processMetadata (Tag & Annotation)"],"fullName":"Core Logic Tests processMetadata (Tag & Annotation) should generate annotation with MULTIPLE seeds","status":"passed","title":"should generate annotation with MULTIPLE seeds","duration":0.4329999999999927,"failureMessages":[],"meta":{}},{"ancestorTitles":["Core Logic Tests","processMetadata (Tag & Annotation)"],"fullName":"Core Logic Tests processMetadata (Tag & Annotation) should handle paths in checkpoint names (Windows/Linux)","status":"passed","title":"should handle paths in checkpoint names (Windows/Linux)","duration":0.5769000000000233,"failureMessages":[],"meta":{}},{"ancestorTitles":["Core Logic Tests","processMetadata (Tag & Annotation)"],"fullName":"Core Logic Tests processMetadata (Tag & Annotation) should include [Warning] message when fallback occurs","status":"passed","title":"should include [Warning] message when fallback occurs","duration":0.3806999999999334,"failureMessages":[],"meta":{}},{"ancestorTitles":["Core Logic Tests","removeAnnotation"],"fullName":"Core Logic Tests removeAnnotation should remove generation info block","status":"passed","title":"should remove generation info block","duration":0.2053000000000793,"failureMessages":[],"meta":{}},{"ancestorTitles":["Core Logic Tests","removeAnnotation"],"fullName":"Core Logic Tests removeAnnotation should handle text without marker","status":"passed","title":"should handle text without marker","duration":0.16180000000008476,"failureMessages":[],"meta":{}}],"startTime":1770895568877,"endTime":1770895568886.3806,"status":"passed","message":"","name":"E:/Project/comfyui-auto-tagger/tests/core.test.js"},{"assertionResults":[{"ancestorTitles":["i18n Consistency Tests"],"fullName":"i18n Consistency Tests should have all keys from en.json in ja_JP.json","status":"passed","title":"should have all keys from en.json in ja_JP.json","duration":6.4365999999999985,"failureMessages":[],"meta":{}},{"ancestorTitles":["i18n Consistency Tests"],"fullName":"i18n Consistency Tests should have all keys from ja_JP.json in en.json","status":"passed","title":"should have all keys from ja_JP.json in en.json","duration":3.580799999999954,"failureMessages":[],"meta":{}},{"ancestorTitles":["i18n Usage Validation"],"fullName":"i18n Usage Validation should have all translation keys used in plugin.js defined in locale files","status":"passed","title":"should have all translation keys used in plugin.js defined in locale files","duration":0.20890000000008513,"failureMessages":[],"meta":{}},{"ancestorTitles":["i18n Usage Validation"],"fullName":"i18n Usage Validation should have all translation keys used in plugin.js defined in en.json","status":"passed","title":"should have all translation keys used in plugin.js defined in en.json","duration":0.15089999999986503,"failureMessages":[],"meta":{}},{"ancestorTitles":["i18n Usage Validation"],"fullName":"i18n Usage Validation should have all translation keys used in plugin.js defined in ja_JP.json","status":"passed","title":"should have all translation keys used in plugin.js defined in ja_JP.json","duration":0.18440000000009604,"failureMessages":[],"meta":{}}],"startTime":1770895568797,"endTime":1770895568808.209,"status":"passed","message":"","name":"E:/Project/comfyui-auto-tagger/tests/i18n.test.js"},{"assertionResults":[{"ancestorTitles":["Browser Compatibility","metadata-parser modules"],"fullName":"Browser Compatibility metadata-parser modules should not contain unsafe Node.js patterns in binary-extraction/","status":"passed","title":"should not contain unsafe Node.js patterns in binary-extraction/","duration":7.702599999999848,"failureMessages":[],"meta":{}},{"ancestorTitles":["Browser Compatibility","metadata-parser modules"],"fullName":"Browser Compatibility metadata-parser modules should not contain unsafe Node.js patterns in parsers/","status":"passed","title":"should not contain unsafe Node.js patterns in parsers/","duration":2.476699999999937,"failureMessages":[],"meta":{}},{"ancestorTitles":["Browser Compatibility","metadata-parser modules"],"fullName":"Browser Compatibility metadata-parser modules should not contain unsafe Node.js patterns in integration/","status":"passed","title":"should not contain unsafe Node.js patterns in integration/","duration":3.754599999999982,"failureMessages":[],"meta":{}},{"ancestorTitles":["Browser Compatibility","IIFE pattern validation"],"fullName":"Browser Compatibility IIFE pattern validation should use IIFE pattern in browser-compatible modules","status":"passed","title":"should use IIFE pattern in browser-compatible modules","duration":6.260600000000068,"failureMessages":[],"meta":{}}],"startTime":1770895568760,"endTime":1770895568780.2605,"status":"passed","message":"","name":"E:/Project/comfyui-auto-tagger/tests/integration/browser-compatibility.integration.test.js"},{"assertionResults":[{"ancestorTitles":["core.js + MetadataService Integration","processMetadata with parsed metadata object"],"fullName":"core.js + MetadataService Integration processMetadata with parsed metadata object should accept pre-parsed metadata object (mode 1)","status":"passed","title":"should accept pre-parsed metadata object (mode 1)","duration":4.456000000000131,"failureMessages":[],"meta":{}},{"ancestorTitles":["core.js + MetadataService Integration","processMetadata with parsed metadata object"],"fullName":"core.js + MetadataService Integration processMetadata with parsed metadata object should not cause infinite loop with null metadata and no buffer","status":"passed","title":"should not cause infinite loop with null metadata and no buffer","duration":0.4093000000000302,"failureMessages":[],"meta":{}},{"ancestorTitles":["core.js + MetadataService Integration","processMetadata with buffer and mimeType (mode 2)"],"fullName":"core.js + MetadataService Integration processMetadata with buffer and mimeType (mode 2) should parse ComfyUI PNG using MetadataService internally","status":"passed","title":"should parse ComfyUI PNG using MetadataService internally","duration":6.192400000000134,"failureMessages":[],"meta":{}},{"ancestorTitles":["core.js + MetadataService Integration","processMetadata with buffer and mimeType (mode 2)"],"fullName":"core.js + MetadataService Integration processMetadata with buffer and mimeType (mode 2) should not cause double parsing when buffer is provided","status":"passed","title":"should not cause double parsing when buffer is provided","duration":1.1634999999998854,"failureMessages":[],"meta":{}},{"ancestorTitles":["core.js + MetadataService Integration","Correct usage pattern (as in plugin.js)"],"fullName":"core.js + MetadataService Integration Correct usage pattern (as in plugin.js) should work with MetadataService -> processMetadata flow","status":"passed","title":"should work with MetadataService -> processMetadata flow","duration":0.8975000000000364,"failureMessages":[],"meta":{}},{"ancestorTitles":["core.js + MetadataService Integration","Correct usage pattern (as in plugin.js)"],"fullName":"core.js + MetadataService Integration Correct usage pattern (as in plugin.js) should NOT pass null + buffer to processMetadata (INCORRECT way)","status":"passed","title":"should NOT pass null + buffer to processMetadata (INCORRECT way)","duration":1.3637999999998556,"failureMessages":[],"meta":{}},{"ancestorTitles":["core.js + MetadataService Integration","Performance regression test"],"fullName":"core.js + MetadataService Integration Performance regression test should process metadata in reasonable time","status":"passed","title":"should process metadata in reasonable time","duration":0.9805999999998676,"failureMessages":[],"meta":{}}],"startTime":1770895568888,"endTime":1770895568903.9807,"status":"passed","message":"","name":"E:/Project/comfyui-auto-tagger/tests/integration/core-metadata-service.integration.test.js"},{"assertionResults":[{"ancestorTitles":["Sample Images Integration Tests","A1111 Simple PNG"],"fullName":"Sample Images Integration Tests A1111 Simple PNG should extract metadata matching expected output","status":"passed","title":"should extract metadata matching expected output","duration":8.429899999999975,"failureMessages":[],"meta":{}},{"ancestorTitles":["Sample Images Integration Tests","A1111 Simple PNG"],"fullName":"Sample Images Integration Tests A1111 Simple PNG should have consistent structure","status":"passed","title":"should have consistent structure","duration":3.8500999999999976,"failureMessages":[],"meta":{}},{"ancestorTitles":["Sample Images Integration Tests","Civitai Generate1 PNG"],"fullName":"Sample Images Integration Tests Civitai Generate1 PNG should extract metadata matching expected output","status":"passed","title":"should extract metadata matching expected output","duration":6.045600000000036,"failureMessages":[],"meta":{}},{"ancestorTitles":["Sample Images Integration Tests","Civitai Generate1 PNG"],"fullName":"Sample Images Integration Tests Civitai Generate1 PNG should have consistent structure","status":"passed","title":"should have consistent structure","duration":3.9309999999999263,"failureMessages":[],"meta":{}},{"ancestorTitles":["Sample Images Integration Tests","Blank PNG (No Metadata)"],"fullName":"Sample Images Integration Tests Blank PNG (No Metadata) should extract metadata matching expected output","status":"passed","title":"should extract metadata matching expected output","duration":0.8392999999999802,"failureMessages":[],"meta":{}},{"ancestorTitles":["Sample Images Integration Tests","Blank PNG (No Metadata)"],"fullName":"Sample Images Integration Tests Blank PNG (No Metadata) should have consistent structure","status":"passed","title":"should have consistent structure","duration":0.6247999999999365,"failureMessages":[],"meta":{}},{"ancestorTitles":["Sample Images Integration Tests","Gemini Generate PNG (No Metadata)"],"fullName":"Sample Images Integration Tests Gemini Generate PNG (No Metadata) should extract metadata matching expected output","status":"passed","title":"should extract metadata matching expected output","duration":9.756700000000023,"failureMessages":[],"meta":{}},{"ancestorTitles":["Sample Images Integration Tests","Gemini Generate PNG (No Metadata)"],"fullName":"Sample Images Integration Tests Gemini Generate PNG (No Metadata) should have consistent structure","status":"passed","title":"should have consistent structure","duration":13.691599999999994,"failureMessages":[],"meta":{}},{"ancestorTitles":["Sample Images Integration Tests","ComfyUI Flux PNG"],"fullName":"Sample Images Integration Tests ComfyUI Flux PNG should extract metadata matching expected output","status":"passed","title":"should extract metadata matching expected output","duration":17.80659999999989,"failureMessages":[],"meta":{}},{"ancestorTitles":["Sample Images Integration Tests","ComfyUI Flux PNG"],"fullName":"Sample Images Integration Tests ComfyUI Flux PNG should have consistent structure","status":"passed","title":"should have consistent structure","duration":2.9331999999999425,"failureMessages":[],"meta":{}},{"ancestorTitles":["Sample Images Integration Tests","Metadata extraction validation"],"fullName":"Sample Images Integration Tests Metadata extraction validation should return empty array for images without metadata","status":"passed","title":"should return empty array for images without metadata","duration":11.715800000000058,"failureMessages":[],"meta":{}},{"ancestorTitles":["Sample Images Integration Tests","Metadata extraction validation"],"fullName":"Sample Images Integration Tests Metadata extraction validation should successfully extract A1111 metadata from different sources","status":"passed","title":"should successfully extract A1111 metadata from different sources","duration":9.492199999999912,"failureMessages":[],"meta":{}}],"startTime":1770895568417,"endTime":1770895568507.4922,"status":"passed","message":"","name":"E:/Project/comfyui-auto-tagger/tests/integration/sample-images.integration.test.js"},{"assertionResults":[{"ancestorTitles":["ComfyUIParser - Property Tests: Field Extraction","Property 6: ComfyUI Field Extraction"],"fullName":"ComfyUIParser - Property Tests: Field Extraction Property 6: ComfyUI Field Extraction should extract checkpoint name from CheckpointLoader in prompt","status":"passed","title":"should extract checkpoint name from CheckpointLoader in prompt","duration":13.412399999999934,"failureMessages":[],"meta":{}},{"ancestorTitles":["ComfyUIParser - Property Tests: Field Extraction","Property 6: ComfyUI Field Extraction"],"fullName":"ComfyUIParser - Property Tests: Field Extraction Property 6: ComfyUI Field Extraction should extract checkpoint name from CheckpointLoader in workflow","status":"passed","title":"should extract checkpoint name from CheckpointLoader in workflow","duration":2.5173999999999523,"failureMessages":[],"meta":{}},{"ancestorTitles":["ComfyUIParser - Property Tests: Field Extraction","Property 6: ComfyUI Field Extraction"],"fullName":"ComfyUIParser - Property Tests: Field Extraction Property 6: ComfyUI Field Extraction should extract checkpoint filename from paths with any separator","status":"passed","title":"should extract checkpoint filename from paths with any separator","duration":5.618299999999863,"failureMessages":[],"meta":{}},{"ancestorTitles":["ComfyUIParser - Property Tests: Field Extraction","Property 6: ComfyUI Field Extraction"],"fullName":"ComfyUIParser - Property Tests: Field Extraction Property 6: ComfyUI Field Extraction should extract all LoRA names from LoraLoader nodes","status":"passed","title":"should extract all LoRA names from LoraLoader nodes","duration":8.813000000000102,"failureMessages":[],"meta":{}},{"ancestorTitles":["ComfyUIParser - Property Tests: Field Extraction","Property 6: ComfyUI Field Extraction"],"fullName":"ComfyUIParser - Property Tests: Field Extraction Property 6: ComfyUI Field Extraction should extract positive prompt from KSampler","status":"passed","title":"should extract positive prompt from KSampler","duration":12.141100000000051,"failureMessages":[],"meta":{}},{"ancestorTitles":["ComfyUIParser - Property Tests: Field Extraction","Property 6: ComfyUI Field Extraction"],"fullName":"ComfyUIParser - Property Tests: Field Extraction Property 6: ComfyUI Field Extraction should extract negative prompt from KSampler","status":"passed","title":"should extract negative prompt from KSampler","duration":5.695199999999886,"failureMessages":[],"meta":{}},{"ancestorTitles":["ComfyUIParser - Property Tests: Field Extraction","Property 6: ComfyUI Field Extraction"],"fullName":"ComfyUIParser - Property Tests: Field Extraction Property 6: ComfyUI Field Extraction should extract seed value from KSampler","status":"passed","title":"should extract seed value from KSampler","duration":4.489900000000034,"failureMessages":[],"meta":{}},{"ancestorTitles":["ComfyUIParser - Property Tests: Field Extraction","Property 6: ComfyUI Field Extraction"],"fullName":"ComfyUIParser - Property Tests: Field Extraction Property 6: ComfyUI Field Extraction should extract sampler name from KSampler","status":"passed","title":"should extract sampler name from KSampler","duration":5.1559000000002015,"failureMessages":[],"meta":{}},{"ancestorTitles":["ComfyUIParser - Property Tests: Field Extraction","Property 6: ComfyUI Field Extraction"],"fullName":"ComfyUIParser - Property Tests: Field Extraction Property 6: ComfyUI Field Extraction should extract steps value from KSampler","status":"passed","title":"should extract steps value from KSampler","duration":5.634999999999991,"failureMessages":[],"meta":{}},{"ancestorTitles":["ComfyUIParser - Property Tests: Field Extraction","Property 6: ComfyUI Field Extraction"],"fullName":"ComfyUIParser - Property Tests: Field Extraction Property 6: ComfyUI Field Extraction should extract CFG scale value from KSampler","status":"passed","title":"should extract CFG scale value from KSampler","duration":9.125800000000027,"failureMessages":[],"meta":{}},{"ancestorTitles":["ComfyUIParser - Property Tests: Field Extraction","Property 6: ComfyUI Field Extraction"],"fullName":"ComfyUIParser - Property Tests: Field Extraction Property 6: ComfyUI Field Extraction should extract scheduler value from KSampler","status":"passed","title":"should extract scheduler value from KSampler","duration":6.416299999999865,"failureMessages":[],"meta":{}},{"ancestorTitles":["ComfyUIParser - Property Tests: Field Extraction","Property 6: ComfyUI Field Extraction"],"fullName":"ComfyUIParser - Property Tests: Field Extraction Property 6: ComfyUI Field Extraction should extract all fields when present in complete ComfyUI metadata","status":"passed","title":"should extract all fields when present in complete ComfyUI metadata","duration":20.163700000000063,"failureMessages":[],"meta":{}},{"ancestorTitles":["ComfyUIParser - Property Tests: Field Extraction","Property 6: ComfyUI Field Extraction"],"fullName":"ComfyUIParser - Property Tests: Field Extraction Property 6: ComfyUI Field Extraction should extract only present fields without failing on missing fields","status":"passed","title":"should extract only present fields without failing on missing fields","duration":14.94990000000007,"failureMessages":[],"meta":{}},{"ancestorTitles":["ComfyUIParser - Property Tests: Field Extraction","Property 6: ComfyUI Field Extraction"],"fullName":"ComfyUIParser - Property Tests: Field Extraction Property 6: ComfyUI Field Extraction should resolve indirect values through node links","status":"passed","title":"should resolve indirect values through node links","duration":3.6061999999999443,"failureMessages":[],"meta":{}},{"ancestorTitles":["ComfyUIParser - Property Tests: Field Extraction","Property 6: ComfyUI Field Extraction"],"fullName":"ComfyUIParser - Property Tests: Field Extraction Property 6: ComfyUI Field Extraction should always include format field set to \"comfyui\"","status":"passed","title":"should always include format field set to \"comfyui\"","duration":133.60099999999989,"failureMessages":[],"meta":{}},{"ancestorTitles":["ComfyUIParser - Property Tests: Field Extraction","Property 6: ComfyUI Field Extraction"],"fullName":"ComfyUIParser - Property Tests: Field Extraction Property 6: ComfyUI Field Extraction should produce identical results when parsing the same metadata multiple times","status":"passed","title":"should produce identical results when parsing the same metadata multiple times","duration":8.110000000000127,"failureMessages":[],"meta":{}}],"startTime":1770895568970,"endTime":1770895569231.11,"status":"passed","message":"","name":"E:/Project/comfyui-auto-tagger/tests/property/comfyui-field-extraction.property.test.js"},{"assertionResults":[{"ancestorTitles":["FormatDetector - Property Tests","Property 1: Format Detection Accuracy"],"fullName":"FormatDetector - Property Tests Property 1: Format Detection Accuracy should always detect ComfyUI format when workflow is present as an object","status":"passed","title":"should always detect ComfyUI format when workflow is present as an object","duration":56.4824000000001,"failureMessages":[],"meta":{}},{"ancestorTitles":["FormatDetector - Property Tests","Property 1: Format Detection Accuracy"],"fullName":"FormatDetector - Property Tests Property 1: Format Detection Accuracy should always detect ComfyUI format when prompt is present as an object","status":"passed","title":"should always detect ComfyUI format when prompt is present as an object","duration":23.118099999999913,"failureMessages":[],"meta":{}},{"ancestorTitles":["FormatDetector - Property Tests","Property 1: Format Detection Accuracy"],"fullName":"FormatDetector - Property Tests Property 1: Format Detection Accuracy should always detect A1111 format when parameters is a non-empty string","status":"passed","title":"should always detect A1111 format when parameters is a non-empty string","duration":2.2849999999998545,"failureMessages":[],"meta":{}},{"ancestorTitles":["FormatDetector - Property Tests","Property 1: Format Detection Accuracy"],"fullName":"FormatDetector - Property Tests Property 1: Format Detection Accuracy should never detect ComfyUI format when workflow and prompt are not objects","status":"passed","title":"should never detect ComfyUI format when workflow and prompt are not objects","duration":1.8713999999999942,"failureMessages":[],"meta":{}},{"ancestorTitles":["FormatDetector - Property Tests","Property 1: Format Detection Accuracy"],"fullName":"FormatDetector - Property Tests Property 1: Format Detection Accuracy should never detect A1111 format when parameters is not a non-empty string","status":"passed","title":"should never detect A1111 format when parameters is not a non-empty string","duration":8.30099999999993,"failureMessages":[],"meta":{}},{"ancestorTitles":["FormatDetector - Property Tests","Property 1: Format Detection Accuracy"],"fullName":"FormatDetector - Property Tests Property 1: Format Detection Accuracy should return empty array when no valid metadata is present","status":"passed","title":"should return empty array when no valid metadata is present","duration":28.321800000000167,"failureMessages":[],"meta":{}},{"ancestorTitles":["FormatDetector - Property Tests","Property 2: Multiple Format Detection"],"fullName":"FormatDetector - Property Tests Property 2: Multiple Format Detection should detect both formats when both ComfyUI (workflow) and A1111 metadata are present","status":"passed","title":"should detect both formats when both ComfyUI (workflow) and A1111 metadata are present","duration":27.134500000000116,"failureMessages":[],"meta":{}},{"ancestorTitles":["FormatDetector - Property Tests","Property 2: Multiple Format Detection"],"fullName":"FormatDetector - Property Tests Property 2: Multiple Format Detection should detect both formats when both ComfyUI (prompt) and A1111 metadata are present","status":"passed","title":"should detect both formats when both ComfyUI (prompt) and A1111 metadata are present","duration":19.384700000000066,"failureMessages":[],"meta":{}},{"ancestorTitles":["FormatDetector - Property Tests","Property 2: Multiple Format Detection"],"fullName":"FormatDetector - Property Tests Property 2: Multiple Format Detection should detect both formats when ComfyUI (both workflow and prompt) and A1111 metadata are present","status":"passed","title":"should detect both formats when ComfyUI (both workflow and prompt) and A1111 metadata are present","duration":30.963999999999942,"failureMessages":[],"meta":{}},{"ancestorTitles":["FormatDetector - Property Tests","Property 2: Multiple Format Detection"],"fullName":"FormatDetector - Property Tests Property 2: Multiple Format Detection should maintain consistent ordering when both formats are detected","status":"passed","title":"should maintain consistent ordering when both formats are detected","duration":41.272699999999986,"failureMessages":[],"meta":{}},{"ancestorTitles":["FormatDetector - Property Tests","Property 2: Multiple Format Detection"],"fullName":"FormatDetector - Property Tests Property 2: Multiple Format Detection should not duplicate format entries when multiple indicators are present","status":"passed","title":"should not duplicate format entries when multiple indicators are present","duration":55.706500000000005,"failureMessages":[],"meta":{}},{"ancestorTitles":["FormatDetector - Property Tests","Property: Idempotence"],"fullName":"FormatDetector - Property Tests Property: Idempotence should return the same result when called multiple times with the same input","status":"passed","title":"should return the same result when called multiple times with the same input","duration":25.108600000000024,"failureMessages":[],"meta":{}},{"ancestorTitles":["FormatDetector - Property Tests","Property: No Side Effects"],"fullName":"FormatDetector - Property Tests Property: No Side Effects should not modify the input rawChunks object","status":"passed","title":"should not modify the input rawChunks object","duration":43.80639999999994,"failureMessages":[],"meta":{}}],"startTime":1770895568962,"endTime":1770895569326.8064,"status":"passed","message":"","name":"E:/Project/comfyui-auto-tagger/tests/property/format-detection.property.test.js"},{"assertionResults":[{"ancestorTitles":["ParserRegistry - Property Tests: Error Handling","Property 5: Error Isolation"],"fullName":"ParserRegistry - Property Tests: Error Handling Property 5: Error Isolation should catch any error thrown by a parser and return null","status":"passed","title":"should catch any error thrown by a parser and return null","duration":91.25900000000001,"failureMessages":[],"meta":{}},{"ancestorTitles":["ParserRegistry - Property Tests: Error Handling","Property 5: Error Isolation"],"fullName":"ParserRegistry - Property Tests: Error Handling Property 5: Error Isolation should catch any type of error (Error, TypeError, ReferenceError, etc.)","status":"passed","title":"should catch any type of error (Error, TypeError, ReferenceError, etc.)","duration":39.38270000000011,"failureMessages":[],"meta":{}},{"ancestorTitles":["ParserRegistry - Property Tests: Error Handling","Property 5: Error Isolation"],"fullName":"ParserRegistry - Property Tests: Error Handling Property 5: Error Isolation should allow other parsers to continue when one parser fails","status":"passed","title":"should allow other parsers to continue when one parser fails","duration":43.794399999999996,"failureMessages":[],"meta":{}},{"ancestorTitles":["ParserRegistry - Property Tests: Error Handling","Property 5: Error Isolation"],"fullName":"ParserRegistry - Property Tests: Error Handling Property 5: Error Isolation should process all formats in parseAll even when some parsers throw errors","status":"passed","title":"should process all formats in parseAll even when some parsers throw errors","duration":60.06950000000006,"failureMessages":[],"meta":{}},{"ancestorTitles":["ParserRegistry - Property Tests: Error Handling","Property 5: Error Isolation"],"fullName":"ParserRegistry - Property Tests: Error Handling Property 5: Error Isolation should log errors to console.error when parsers fail","status":"passed","title":"should log errors to console.error when parsers fail","duration":47.158100000000104,"failureMessages":[],"meta":{}},{"ancestorTitles":["ParserRegistry - Property Tests: Error Handling","Property 5: Error Isolation"],"fullName":"ParserRegistry - Property Tests: Error Handling Property 5: Error Isolation should maintain registry state after parser errors","status":"passed","title":"should maintain registry state after parser errors","duration":45.76960000000008,"failureMessages":[],"meta":{}},{"ancestorTitles":["ParserRegistry - Property Tests: Error Handling","Property 5: Error Isolation"],"fullName":"ParserRegistry - Property Tests: Error Handling Property 5: Error Isolation should return empty array from parseAll when all parsers throw errors","status":"passed","title":"should return empty array from parseAll when all parsers throw errors","duration":40.34140000000002,"failureMessages":[],"meta":{}},{"ancestorTitles":["ParserRegistry - Property Tests: Error Handling","Property 5: Error Isolation"],"fullName":"ParserRegistry - Property Tests: Error Handling Property 5: Error Isolation should catch synchronous errors thrown immediately in parse()","status":"passed","title":"should catch synchronous errors thrown immediately in parse()","duration":34.26970000000006,"failureMessages":[],"meta":{}},{"ancestorTitles":["ParserRegistry - Property Tests: Error Handling","Property: Error Isolation Idempotence"],"fullName":"ParserRegistry - Property Tests: Error Handling Property: Error Isolation Idempotence should consistently return null for failing parser across multiple calls","status":"passed","title":"should consistently return null for failing parser across multiple calls","duration":30.700599999999895,"failureMessages":[],"meta":{}},{"ancestorTitles":["ParserRegistry - Property Tests: Error Handling","Property: Registry State Preservation"],"fullName":"ParserRegistry - Property Tests: Error Handling Property: Registry State Preservation should preserve registry state and allow continued operation after errors","status":"passed","title":"should preserve registry state and allow continued operation after errors","duration":32.8143,"failureMessages":[],"meta":{}}],"startTime":1770895568882,"endTime":1770895569349.8142,"status":"passed","message":"","name":"E:/Project/comfyui-auto-tagger/tests/property/parser-error-handling.property.test.js"},{"assertionResults":[{"ancestorTitles":["A1111Parser - Error Handling","parseParameterLine error handling"],"fullName":"A1111Parser - Error Handling parseParameterLine error handling should throw ParameterParseError with context when parsing fails critically","status":"passed","title":"should throw ParameterParseError with context when parsing fails critically","duration":4.574499999999944,"failureMessages":[],"meta":{}},{"ancestorTitles":["A1111Parser - Error Handling","parseParameterLine error handling"],"fullName":"A1111Parser - Error Handling parseParameterLine error handling should include helpful suggestions in ParameterParseError","status":"passed","title":"should include helpful suggestions in ParameterParseError","duration":4.190299999999979,"failureMessages":[],"meta":{}},{"ancestorTitles":["A1111Parser - Error Handling","parseParameterLine error handling"],"fullName":"A1111Parser - Error Handling parseParameterLine error handling should preserve error context through error chain","status":"passed","title":"should preserve error context through error chain","duration":0.3342999999999847,"failureMessages":[],"meta":{}},{"ancestorTitles":["A1111Parser - Error Handling","Error resilience"],"fullName":"A1111Parser - Error Handling Error resilience should handle empty parameter line gracefully","status":"passed","title":"should handle empty parameter line gracefully","duration":0.26549999999997453,"failureMessages":[],"meta":{}},{"ancestorTitles":["A1111Parser - Error Handling","Error resilience"],"fullName":"A1111Parser - Error Handling Error resilience should handle parameter line with only whitespace","status":"passed","title":"should handle parameter line with only whitespace","duration":0.20359999999982392,"failureMessages":[],"meta":{}},{"ancestorTitles":["A1111Parser - Error Handling","Error resilience"],"fullName":"A1111Parser - Error Handling Error resilience should handle parameter line with unknown keys","status":"passed","title":"should handle parameter line with unknown keys","duration":0.2826000000000022,"failureMessages":[],"meta":{}},{"ancestorTitles":["A1111Parser - Error Handling","Error resilience"],"fullName":"A1111Parser - Error Handling Error resilience should handle parameter line with malformed key-value pairs","status":"passed","title":"should handle parameter line with malformed key-value pairs","duration":0.2117000000000644,"failureMessages":[],"meta":{}},{"ancestorTitles":["A1111Parser - Error Handling","ParseError JSON serialization"],"fullName":"A1111Parser - Error Handling ParseError JSON serialization should serialize ParameterParseError to JSON","status":"passed","title":"should serialize ParameterParseError to JSON","duration":0.7369000000001051,"failureMessages":[],"meta":{}},{"ancestorTitles":["A1111Parser - Error Handling","ParseError JSON serialization"],"fullName":"A1111Parser - Error Handling ParseError JSON serialization should convert ParameterParseError to string","status":"passed","title":"should convert ParameterParseError to string","duration":0.5765000000001237,"failureMessages":[],"meta":{}}],"startTime":1770895568819,"endTime":1770895568830.7368,"status":"passed","message":"","name":"E:/Project/comfyui-auto-tagger/tests/unit/A1111Parser.error-handling.test.js"},{"assertionResults":[{"ancestorTitles":["A1111Parser - Extensions Support","ADetailer parameters"],"fullName":"A1111Parser - Extensions Support ADetailer parameters should parse ADetailer parameters from Civitai-generated images","status":"passed","title":"should parse ADetailer parameters from Civitai-generated images","duration":4.308300000000145,"failureMessages":[],"meta":{}},{"ancestorTitles":["A1111Parser - Extensions Support","ADetailer parameters"],"fullName":"A1111Parser - Extensions Support ADetailer parameters should handle multiple ADetailer parameters with complex values","status":"passed","title":"should handle multiple ADetailer parameters with complex values","duration":0.6105000000000018,"failureMessages":[],"meta":{}},{"ancestorTitles":["A1111Parser - Extensions Support","Lora hashes"],"fullName":"A1111Parser - Extensions Support Lora hashes should parse Lora hashes parameter","status":"passed","title":"should parse Lora hashes parameter","duration":0.6191000000001168,"failureMessages":[],"meta":{}},{"ancestorTitles":["A1111Parser - Extensions Support","Lora hashes"],"fullName":"A1111Parser - Extensions Support Lora hashes should handle single Lora hash","status":"passed","title":"should handle single Lora hash","duration":0.2822000000001026,"failureMessages":[],"meta":{}},{"ancestorTitles":["A1111Parser - Extensions Support","Textual Inversion (TI)"],"fullName":"A1111Parser - Extensions Support Textual Inversion (TI) should parse TI parameter","status":"passed","title":"should parse TI parameter","duration":0.2500999999999749,"failureMessages":[],"meta":{}},{"ancestorTitles":["A1111Parser - Extensions Support","NGMS parameters"],"fullName":"A1111Parser - Extensions Support NGMS parameters should parse NGMS parameters","status":"passed","title":"should parse NGMS parameters","duration":0.2925999999999931,"failureMessages":[],"meta":{}},{"ancestorTitles":["A1111Parser - Extensions Support","NGMS parameters"],"fullName":"A1111Parser - Extensions Support NGMS parameters should handle NGMS all steps as False","status":"passed","title":"should handle NGMS all steps as False","duration":0.28089999999997417,"failureMessages":[],"meta":{}},{"ancestorTitles":["A1111Parser - Extensions Support","Model hash parameter"],"fullName":"A1111Parser - Extensions Support Model hash parameter should parse Model hash separately from Model","status":"passed","title":"should parse Model hash separately from Model","duration":0.2644999999999982,"failureMessages":[],"meta":{}},{"ancestorTitles":["A1111Parser - Extensions Support","Quoted values handling"],"fullName":"A1111Parser - Extensions Support Quoted values handling should handle quoted values with commas inside","status":"passed","title":"should handle quoted values with commas inside","duration":0.34390000000007603,"failureMessages":[],"meta":{}},{"ancestorTitles":["A1111Parser - Extensions Support","Quoted values handling"],"fullName":"A1111Parser - Extensions Support Quoted values handling should handle single-quoted values","status":"passed","title":"should handle single-quoted values","duration":0.22089999999980137,"failureMessages":[],"meta":{}},{"ancestorTitles":["A1111Parser - Extensions Support","Complete Civitai example"],"fullName":"A1111Parser - Extensions Support Complete Civitai example should parse complete Civitai-generated metadata","status":"passed","title":"should parse complete Civitai-generated metadata","duration":1.5681999999999334,"failureMessages":[],"meta":{}}],"startTime":1770895568845,"endTime":1770895568854.568,"status":"passed","message":"","name":"E:/Project/comfyui-auto-tagger/tests/unit/A1111Parser.extensions.test.js"},{"assertionResults":[{"ancestorTitles":["A1111Parser","getFormatName"],"fullName":"A1111Parser getFormatName should return \"a1111\"","status":"passed","title":"should return \"a1111\"","duration":2.9051999999999225,"failureMessages":[],"meta":{}},{"ancestorTitles":["A1111Parser","parse"],"fullName":"A1111Parser parse should return null if parameters field is missing","status":"passed","title":"should return null if parameters field is missing","duration":0.5519999999999072,"failureMessages":[],"meta":{}},{"ancestorTitles":["A1111Parser","parse"],"fullName":"A1111Parser parse should return null if parameters is not a string","status":"passed","title":"should return null if parameters is not a string","duration":0.20410000000015316,"failureMessages":[],"meta":{}},{"ancestorTitles":["A1111Parser","parse"],"fullName":"A1111Parser parse should extract positive prompt from simple parameters","status":"passed","title":"should extract positive prompt from simple parameters","duration":0.5656000000001313,"failureMessages":[],"meta":{}},{"ancestorTitles":["A1111Parser","parse"],"fullName":"A1111Parser parse should extract positive and negative prompts","status":"passed","title":"should extract positive and negative prompts","duration":0.43600000000014916,"failureMessages":[],"meta":{}},{"ancestorTitles":["A1111Parser","parse"],"fullName":"A1111Parser parse should extract all parameters from a complete A1111 string","status":"passed","title":"should extract all parameters from a complete A1111 string","duration":1.4003999999999905,"failureMessages":[],"meta":{}},{"ancestorTitles":["A1111Parser","parse"],"fullName":"A1111Parser parse should handle multi-line positive prompts","status":"passed","title":"should handle multi-line positive prompts","duration":0.30160000000000764,"failureMessages":[],"meta":{}},{"ancestorTitles":["A1111Parser","parse"],"fullName":"A1111Parser parse should handle multi-line negative prompts","status":"passed","title":"should handle multi-line negative prompts","duration":0.3028999999999087,"failureMessages":[],"meta":{}},{"ancestorTitles":["A1111Parser","parse"],"fullName":"A1111Parser parse should handle parameters without negative prompt","status":"passed","title":"should handle parameters without negative prompt","duration":0.425899999999956,"failureMessages":[],"meta":{}},{"ancestorTitles":["A1111Parser","parse"],"fullName":"A1111Parser parse should use Model and ignore Model hash","status":"passed","title":"should use Model and ignore Model hash","duration":0.2678000000000793,"failureMessages":[],"meta":{}},{"ancestorTitles":["A1111Parser","parse"],"fullName":"A1111Parser parse should not set checkpoint if only Model hash is present","status":"passed","title":"should not set checkpoint if only Model hash is present","duration":0.21979999999985012,"failureMessages":[],"meta":{}},{"ancestorTitles":["A1111Parser","parse"],"fullName":"A1111Parser parse should handle missing optional parameters gracefully","status":"passed","title":"should handle missing optional parameters gracefully","duration":0.43239999999991596,"failureMessages":[],"meta":{}},{"ancestorTitles":["A1111Parser","parseParameterLine"],"fullName":"A1111Parser parseParameterLine should parse Steps parameter","status":"passed","title":"should parse Steps parameter","duration":0.19029999999997926,"failureMessages":[],"meta":{}},{"ancestorTitles":["A1111Parser","parseParameterLine"],"fullName":"A1111Parser parseParameterLine should parse Sampler parameter","status":"passed","title":"should parse Sampler parameter","duration":0.1751000000001568,"failureMessages":[],"meta":{}},{"ancestorTitles":["A1111Parser","parseParameterLine"],"fullName":"A1111Parser parseParameterLine should parse CFG scale parameter","status":"passed","title":"should parse CFG scale parameter","duration":0.20050000000014734,"failureMessages":[],"meta":{}},{"ancestorTitles":["A1111Parser","parseParameterLine"],"fullName":"A1111Parser parseParameterLine should parse Seed parameter","status":"passed","title":"should parse Seed parameter","duration":0.15210000000001855,"failureMessages":[],"meta":{}},{"ancestorTitles":["A1111Parser","parseParameterLine"],"fullName":"A1111Parser parseParameterLine should parse Model parameter","status":"passed","title":"should parse Model parameter","duration":0.14360000000010587,"failureMessages":[],"meta":{}},{"ancestorTitles":["A1111Parser","parseParameterLine"],"fullName":"A1111Parser parseParameterLine should parse Schedule type parameter","status":"passed","title":"should parse Schedule type parameter","duration":0.15270000000009532,"failureMessages":[],"meta":{}},{"ancestorTitles":["A1111Parser","parseParameterLine"],"fullName":"A1111Parser parseParameterLine should parse Size parameter","status":"passed","title":"should parse Size parameter","duration":0.15229999999996835,"failureMessages":[],"meta":{}},{"ancestorTitles":["A1111Parser","parseParameterLine"],"fullName":"A1111Parser parseParameterLine should parse VAE parameter","status":"passed","title":"should parse VAE parameter","duration":0.14679999999998472,"failureMessages":[],"meta":{}},{"ancestorTitles":["A1111Parser","parseParameterLine"],"fullName":"A1111Parser parseParameterLine should parse Denoising strength parameter","status":"passed","title":"should parse Denoising strength parameter","duration":0.19650000000001455,"failureMessages":[],"meta":{}},{"ancestorTitles":["A1111Parser","parseParameterLine"],"fullName":"A1111Parser parseParameterLine should parse Clip skip parameter","status":"passed","title":"should parse Clip skip parameter","duration":0.1694999999999709,"failureMessages":[],"meta":{}},{"ancestorTitles":["A1111Parser","parseParameterLine"],"fullName":"A1111Parser parseParameterLine should parse Hires upscale parameter","status":"passed","title":"should parse Hires upscale parameter","duration":0.15589999999997417,"failureMessages":[],"meta":{}},{"ancestorTitles":["A1111Parser","parseParameterLine"],"fullName":"A1111Parser parseParameterLine should parse Hires steps parameter","status":"passed","title":"should parse Hires steps parameter","duration":0.15160000000014406,"failureMessages":[],"meta":{}},{"ancestorTitles":["A1111Parser","parseParameterLine"],"fullName":"A1111Parser parseParameterLine should parse Hires upscaler parameter","status":"passed","title":"should parse Hires upscaler parameter","duration":0.15789999999992688,"failureMessages":[],"meta":{}},{"ancestorTitles":["A1111Parser","parseParameterLine"],"fullName":"A1111Parser parseParameterLine should parse Version parameter","status":"passed","title":"should parse Version parameter","duration":0.14779999999996107,"failureMessages":[],"meta":{}},{"ancestorTitles":["A1111Parser","parseParameterLine"],"fullName":"A1111Parser parseParameterLine should parse multiple parameters separated by commas","status":"passed","title":"should parse multiple parameters separated by commas","duration":0.5685000000000855,"failureMessages":[],"meta":{}},{"ancestorTitles":["A1111Parser","parseParameterLine"],"fullName":"A1111Parser parseParameterLine should parse all extended A1111 parameters","status":"passed","title":"should parse all extended A1111 parameters","duration":0.8378999999999905,"failureMessages":[],"meta":{}},{"ancestorTitles":["A1111Parser","parseParameterLine"],"fullName":"A1111Parser parseParameterLine should ignore parameters without colons","status":"passed","title":"should ignore parameters without colons","duration":0.38220000000001164,"failureMessages":[],"meta":{}},{"ancestorTitles":["A1111Parser","parseParameterLine"],"fullName":"A1111Parser parseParameterLine should handle extra whitespace","status":"passed","title":"should handle extra whitespace","duration":0.2939000000001215,"failureMessages":[],"meta":{}}],"startTime":1770895568851,"endTime":1770895568865.294,"status":"passed","message":"","name":"E:/Project/comfyui-auto-tagger/tests/unit/A1111Parser.test.js"},{"assertionResults":[{"ancestorTitles":["ADetailerHandler","canHandle"],"fullName":"ADetailerHandler canHandle should handle parameters starting with \"ADetailer \"","status":"passed","title":"should handle parameters starting with \"ADetailer \"","duration":2.1708999999999605,"failureMessages":[],"meta":{}},{"ancestorTitles":["ADetailerHandler","canHandle"],"fullName":"ADetailerHandler canHandle should not handle other parameters","status":"passed","title":"should not handle other parameters","duration":0.18889999999998963,"failureMessages":[],"meta":{}},{"ancestorTitles":["ADetailerHandler","handle"],"fullName":"ADetailerHandler handle should extract parameter name and value","status":"passed","title":"should extract parameter name and value","duration":0.8648999999999774,"failureMessages":[],"meta":{}},{"ancestorTitles":["ADetailerHandler","handle"],"fullName":"ADetailerHandler handle should auto-detect integer values","status":"passed","title":"should auto-detect integer values","duration":0.18729999999999336,"failureMessages":[],"meta":{}},{"ancestorTitles":["ADetailerHandler","handle"],"fullName":"ADetailerHandler handle should auto-detect float values","status":"passed","title":"should auto-detect float values","duration":0.4146000000000072,"failureMessages":[],"meta":{}},{"ancestorTitles":["ADetailerHandler","handle"],"fullName":"ADetailerHandler handle should auto-detect boolean values","status":"passed","title":"should auto-detect boolean values","duration":0.44360000000000355,"failureMessages":[],"meta":{}},{"ancestorTitles":["ADetailerHandler","handle"],"fullName":"ADetailerHandler handle should keep string values as strings","status":"passed","title":"should keep string values as strings","duration":0.26089999999999236,"failureMessages":[],"meta":{}},{"ancestorTitles":["ADetailerHandler","handle"],"fullName":"ADetailerHandler handle should handle negative numbers","status":"passed","title":"should handle negative numbers","duration":0.1856999999999971,"failureMessages":[],"meta":{}},{"ancestorTitles":["ADetailerHandler","handle"],"fullName":"ADetailerHandler handle should handle parameter names with spaces","status":"passed","title":"should handle parameter names with spaces","duration":0.14470000000000027,"failureMessages":[],"meta":{}},{"ancestorTitles":["ADetailerHandler","getPriority"],"fullName":"ADetailerHandler getPriority should return medium priority","status":"passed","title":"should return medium priority","duration":0.151299999999992,"failureMessages":[],"meta":{}}],"startTime":1770895569077,"endTime":1770895569083.1514,"status":"passed","message":"","name":"E:/Project/comfyui-auto-tagger/tests/unit/ADetailerHandler.test.js"},{"assertionResults":[{"ancestorTitles":["AnnotationBuilder","getBaseName"],"fullName":"AnnotationBuilder getBaseName should extract base name from path","status":"passed","title":"should extract base name from path","duration":1.728999999999985,"failureMessages":[],"meta":{}},{"ancestorTitles":["AnnotationBuilder","getBaseName"],"fullName":"AnnotationBuilder getBaseName should handle Windows paths","status":"passed","title":"should handle Windows paths","duration":0.20900000000000318,"failureMessages":[],"meta":{}},{"ancestorTitles":["AnnotationBuilder","getBaseName"],"fullName":"AnnotationBuilder getBaseName should handle empty string","status":"passed","title":"should handle empty string","duration":0.10550000000000637,"failureMessages":[],"meta":{}},{"ancestorTitles":["AnnotationBuilder","build"],"fullName":"AnnotationBuilder build should return empty string for empty metadata","status":"passed","title":"should return empty string for empty metadata","duration":0.22839999999996508,"failureMessages":[],"meta":{}},{"ancestorTitles":["AnnotationBuilder","build"],"fullName":"AnnotationBuilder build should include header and checkpoint","status":"passed","title":"should include header and checkpoint","duration":0.4701000000000022,"failureMessages":[],"meta":{}},{"ancestorTitles":["AnnotationBuilder","build"],"fullName":"AnnotationBuilder build should include LoRAs","status":"passed","title":"should include LoRAs","duration":0.14800000000002456,"failureMessages":[],"meta":{}},{"ancestorTitles":["AnnotationBuilder","build"],"fullName":"AnnotationBuilder build should include sampler fallback warning","status":"passed","title":"should include sampler fallback warning","duration":0.13900000000001,"failureMessages":[],"meta":{}},{"ancestorTitles":["AnnotationBuilder","build"],"fullName":"AnnotationBuilder build should handle generationSteps format","status":"passed","title":"should handle generationSteps format","duration":0.4453999999999496,"failureMessages":[],"meta":{}},{"ancestorTitles":["AnnotationBuilder","build"],"fullName":"AnnotationBuilder build should handle multiple generation steps","status":"passed","title":"should handle multiple generation steps","duration":0.16059999999998809,"failureMessages":[],"meta":{}},{"ancestorTitles":["AnnotationBuilder","build"],"fullName":"AnnotationBuilder build should filter content based on settings","status":"passed","title":"should filter content based on settings","duration":0.32119999999997617,"failureMessages":[],"meta":{}},{"ancestorTitles":["AnnotationBuilder","build"],"fullName":"AnnotationBuilder build should handle fallback format with extra_samplers","status":"passed","title":"should handle fallback format with extra_samplers","duration":0.5001000000000317,"failureMessages":[],"meta":{}},{"ancestorTitles":["AnnotationBuilder","build"],"fullName":"AnnotationBuilder build should handle node title in step label","status":"passed","title":"should handle node title in step label","duration":0.19929999999999382,"failureMessages":[],"meta":{}},{"ancestorTitles":["AnnotationBuilder","build"],"fullName":"AnnotationBuilder build should handle node group in step label","status":"passed","title":"should handle node group in step label","duration":0.20210000000002992,"failureMessages":[],"meta":{}}],"startTime":1770895569169,"endTime":1770895569175.2021,"status":"passed","message":"","name":"E:/Project/comfyui-auto-tagger/tests/unit/AnnotationBuilder.test.js"},{"assertionResults":[{"ancestorTitles":["BinaryUtils","readFourCC"],"fullName":"BinaryUtils readFourCC should read 4-byte FourCC code","status":"passed","title":"should read 4-byte FourCC code","duration":2.404299999999921,"failureMessages":[],"meta":{}},{"ancestorTitles":["BinaryUtils","readFourCC"],"fullName":"BinaryUtils readFourCC should read FourCC at offset","status":"passed","title":"should read FourCC at offset","duration":0.26569999999992433,"failureMessages":[],"meta":{}},{"ancestorTitles":["BinaryUtils","readFourCC"],"fullName":"BinaryUtils readFourCC should throw error if buffer too small","status":"passed","title":"should throw error if buffer too small","duration":1.4621999999999389,"failureMessages":[],"meta":{}},{"ancestorTitles":["BinaryUtils","readFourCC"],"fullName":"BinaryUtils readFourCC should throw error if offset too large","status":"passed","title":"should throw error if offset too large","duration":0.3011999999998807,"failureMessages":[],"meta":{}},{"ancestorTitles":["BinaryUtils","readUInt32BE"],"fullName":"BinaryUtils readUInt32BE should read big-endian 32-bit integer","status":"passed","title":"should read big-endian 32-bit integer","duration":0.27519999999981337,"failureMessages":[],"meta":{}},{"ancestorTitles":["BinaryUtils","readUInt32BE"],"fullName":"BinaryUtils readUInt32BE should read large big-endian integer","status":"passed","title":"should read large big-endian integer","duration":0.16679999999996653,"failureMessages":[],"meta":{}},{"ancestorTitles":["BinaryUtils","readUInt32BE"],"fullName":"BinaryUtils readUInt32BE should read at offset","status":"passed","title":"should read at offset","duration":0.25260000000002947,"failureMessages":[],"meta":{}},{"ancestorTitles":["BinaryUtils","readUInt32BE"],"fullName":"BinaryUtils readUInt32BE should handle maximum value","status":"passed","title":"should handle maximum value","duration":0.19920000000001892,"failureMessages":[],"meta":{}},{"ancestorTitles":["BinaryUtils","readUInt32BE"],"fullName":"BinaryUtils readUInt32BE should throw error if buffer too small","status":"passed","title":"should throw error if buffer too small","duration":0.324100000000044,"failureMessages":[],"meta":{}},{"ancestorTitles":["BinaryUtils","readUInt32LE"],"fullName":"BinaryUtils readUInt32LE should read little-endian 32-bit integer","status":"passed","title":"should read little-endian 32-bit integer","duration":0.22090000000002874,"failureMessages":[],"meta":{}},{"ancestorTitles":["BinaryUtils","readUInt32LE"],"fullName":"BinaryUtils readUInt32LE should read large little-endian integer","status":"passed","title":"should read large little-endian integer","duration":0.15130000000021937,"failureMessages":[],"meta":{}},{"ancestorTitles":["BinaryUtils","readUInt32LE"],"fullName":"BinaryUtils readUInt32LE should read at offset","status":"passed","title":"should read at offset","duration":0.14400000000000546,"failureMessages":[],"meta":{}},{"ancestorTitles":["BinaryUtils","readUInt32LE"],"fullName":"BinaryUtils readUInt32LE should handle maximum value","status":"passed","title":"should handle maximum value","duration":0.13830000000007203,"failureMessages":[],"meta":{}},{"ancestorTitles":["BinaryUtils","readUInt32LE"],"fullName":"BinaryUtils readUInt32LE should throw error if buffer too small","status":"passed","title":"should throw error if buffer too small","duration":0.27559999999994034,"failureMessages":[],"meta":{}},{"ancestorTitles":["BinaryUtils","crc32"],"fullName":"BinaryUtils crc32 should calculate CRC32 for empty data","status":"passed","title":"should calculate CRC32 for empty data","duration":0.19000000000005457,"failureMessages":[],"meta":{}},{"ancestorTitles":["BinaryUtils","crc32"],"fullName":"BinaryUtils crc32 should calculate CRC32 for simple data","status":"passed","title":"should calculate CRC32 for simple data","duration":0.28530000000000655,"failureMessages":[],"meta":{}},{"ancestorTitles":["BinaryUtils","crc32"],"fullName":"BinaryUtils crc32 should calculate different CRC32 for different data","status":"passed","title":"should calculate different CRC32 for different data","duration":1.088799999999992,"failureMessages":[],"meta":{}},{"ancestorTitles":["BinaryUtils","crc32"],"fullName":"BinaryUtils crc32 should calculate same CRC32 for same data","status":"passed","title":"should calculate same CRC32 for same data","duration":0.22820000000001528,"failureMessages":[],"meta":{}},{"ancestorTitles":["BinaryUtils","crc32"],"fullName":"BinaryUtils crc32 should handle known CRC32 value","status":"passed","title":"should handle known CRC32 value","duration":0.17650000000003274,"failureMessages":[],"meta":{}},{"ancestorTitles":["BinaryUtils","slice"],"fullName":"BinaryUtils slice should slice buffer","status":"passed","title":"should slice buffer","duration":0.7390000000000327,"failureMessages":[],"meta":{}},{"ancestorTitles":["BinaryUtils","slice"],"fullName":"BinaryUtils slice should slice entire buffer","status":"passed","title":"should slice entire buffer","duration":0.2726000000000113,"failureMessages":[],"meta":{}},{"ancestorTitles":["BinaryUtils","slice"],"fullName":"BinaryUtils slice should slice empty range","status":"passed","title":"should slice empty range","duration":0.18270000000006803,"failureMessages":[],"meta":{}},{"ancestorTitles":["BinaryUtils","slice"],"fullName":"BinaryUtils slice should throw error for negative start","status":"passed","title":"should throw error for negative start","duration":0.310799999999972,"failureMessages":[],"meta":{}},{"ancestorTitles":["BinaryUtils","slice"],"fullName":"BinaryUtils slice should throw error for end beyond buffer","status":"passed","title":"should throw error for end beyond buffer","duration":0.35200000000008913,"failureMessages":[],"meta":{}},{"ancestorTitles":["BinaryUtils","slice"],"fullName":"BinaryUtils slice should throw error for start > end","status":"passed","title":"should throw error for start > end","duration":0.28899999999998727,"failureMessages":[],"meta":{}},{"ancestorTitles":["BinaryUtils","readNullTerminatedString"],"fullName":"BinaryUtils readNullTerminatedString should read null-terminated string","status":"passed","title":"should read null-terminated string","duration":0.32960000000002765,"failureMessages":[],"meta":{}},{"ancestorTitles":["BinaryUtils","readNullTerminatedString"],"fullName":"BinaryUtils readNullTerminatedString should read string without null terminator","status":"passed","title":"should read string without null terminator","duration":0.2822999999998501,"failureMessages":[],"meta":{}},{"ancestorTitles":["BinaryUtils","readNullTerminatedString"],"fullName":"BinaryUtils readNullTerminatedString should respect maxLength","status":"passed","title":"should respect maxLength","duration":0.18610000000012406,"failureMessages":[],"meta":{}},{"ancestorTitles":["BinaryUtils","readNullTerminatedString"],"fullName":"BinaryUtils readNullTerminatedString should read from offset","status":"passed","title":"should read from offset","duration":0.28480000000013206,"failureMessages":[],"meta":{}},{"ancestorTitles":["BinaryUtils","readNullTerminatedString"],"fullName":"BinaryUtils readNullTerminatedString should handle empty string","status":"passed","title":"should handle empty string","duration":0.18910000000005311,"failureMessages":[],"meta":{}},{"ancestorTitles":["BinaryUtils","readString"],"fullName":"BinaryUtils readString should read fixed-length string","status":"passed","title":"should read fixed-length string","duration":0.23279999999999745,"failureMessages":[],"meta":{}},{"ancestorTitles":["BinaryUtils","readString"],"fullName":"BinaryUtils readString should read string at offset","status":"passed","title":"should read string at offset","duration":0.18239999999991596,"failureMessages":[],"meta":{}},{"ancestorTitles":["BinaryUtils","readString"],"fullName":"BinaryUtils readString should handle UTF-8 characters","status":"passed","title":"should handle UTF-8 characters","duration":0.17000000000007276,"failureMessages":[],"meta":{}},{"ancestorTitles":["BinaryUtils","readString"],"fullName":"BinaryUtils readString should throw error if buffer too small","status":"passed","title":"should throw error if buffer too small","duration":0.3044999999999618,"failureMessages":[],"meta":{}},{"ancestorTitles":["BinaryUtils","readString"],"fullName":"BinaryUtils readString should throw error if offset + length exceeds buffer","status":"passed","title":"should throw error if offset + length exceeds buffer","duration":0.31500000000005457,"failureMessages":[],"meta":{}},{"ancestorTitles":["BinaryUtils","hasMagicBytes"],"fullName":"BinaryUtils hasMagicBytes should detect PNG magic bytes","status":"passed","title":"should detect PNG magic bytes","duration":0.22509999999988395,"failureMessages":[],"meta":{}},{"ancestorTitles":["BinaryUtils","hasMagicBytes"],"fullName":"BinaryUtils hasMagicBytes should detect WebP magic bytes","status":"passed","title":"should detect WebP magic bytes","duration":0.18819999999982429,"failureMessages":[],"meta":{}},{"ancestorTitles":["BinaryUtils","hasMagicBytes"],"fullName":"BinaryUtils hasMagicBytes should return false for non-matching magic bytes","status":"passed","title":"should return false for non-matching magic bytes","duration":0.1630999999999858,"failureMessages":[],"meta":{}},{"ancestorTitles":["BinaryUtils","hasMagicBytes"],"fullName":"BinaryUtils hasMagicBytes should return false if buffer too small","status":"passed","title":"should return false if buffer too small","duration":0.19489999999996144,"failureMessages":[],"meta":{}},{"ancestorTitles":["BinaryUtils","hasMagicBytes"],"fullName":"BinaryUtils hasMagicBytes should handle empty magic bytes","status":"passed","title":"should handle empty magic bytes","duration":0.1551999999999225,"failureMessages":[],"meta":{}},{"ancestorTitles":["BinaryUtils","hasMagicBytes"],"fullName":"BinaryUtils hasMagicBytes should handle empty buffer","status":"passed","title":"should handle empty buffer","duration":0.16039999999998145,"failureMessages":[],"meta":{}}],"startTime":1770895568811,"endTime":1770895568826.1948,"status":"passed","message":"","name":"E:/Project/comfyui-auto-tagger/tests/unit/BinaryUtils.test.js"},{"assertionResults":[{"ancestorTitles":["ComfyUIGraph","Graph Construction"],"fullName":"ComfyUIGraph Graph Construction should create empty graph from empty prompt data","status":"passed","title":"should create empty graph from empty prompt data","duration":3.7697999999998046,"failureMessages":[],"meta":{}},{"ancestorTitles":["ComfyUIGraph","Graph Construction"],"fullName":"ComfyUIGraph Graph Construction should build nodes map from prompt data","status":"passed","title":"should build nodes map from prompt data","duration":0.8869999999999436,"failureMessages":[],"meta":{}},{"ancestorTitles":["ComfyUIGraph","Graph Construction"],"fullName":"ComfyUIGraph Graph Construction should build forward edges from node inputs","status":"passed","title":"should build forward edges from node inputs","duration":0.4570000000001073,"failureMessages":[],"meta":{}},{"ancestorTitles":["ComfyUIGraph","Graph Construction"],"fullName":"ComfyUIGraph Graph Construction should build reverse edges for children","status":"passed","title":"should build reverse edges for children","duration":0.30750000000011823,"failureMessages":[],"meta":{}},{"ancestorTitles":["ComfyUIGraph","Graph Construction"],"fullName":"ComfyUIGraph Graph Construction should handle multiple inputs from same node","status":"passed","title":"should handle multiple inputs from same node","duration":0.2984999999998763,"failureMessages":[],"meta":{}},{"ancestorTitles":["ComfyUIGraph","Graph Construction"],"fullName":"ComfyUIGraph Graph Construction should handle complex graph with multiple connections","status":"passed","title":"should handle complex graph with multiple connections","duration":0.4010000000000673,"failureMessages":[],"meta":{}},{"ancestorTitles":["ComfyUIGraph","Node Classification"],"fullName":"ComfyUIGraph Node Classification should classify KSampler as sampler","status":"passed","title":"should classify KSampler as sampler","duration":2.9042000000001735,"failureMessages":[],"meta":{}},{"ancestorTitles":["ComfyUIGraph","Node Classification"],"fullName":"ComfyUIGraph Node Classification should classify SamplerCustomAdvanced as sampler","status":"passed","title":"should classify SamplerCustomAdvanced as sampler","duration":0.4290000000000873,"failureMessages":[],"meta":{}},{"ancestorTitles":["ComfyUIGraph","Node Classification"],"fullName":"ComfyUIGraph Node Classification should classify CheckpointLoader correctly","status":"passed","title":"should classify CheckpointLoader correctly","duration":0.25040000000012697,"failureMessages":[],"meta":{}},{"ancestorTitles":["ComfyUIGraph","Node Classification"],"fullName":"ComfyUIGraph Node Classification should classify LoraLoader correctly","status":"passed","title":"should classify LoraLoader correctly","duration":0.23880000000008295,"failureMessages":[],"meta":{}},{"ancestorTitles":["ComfyUIGraph","Node Classification"],"fullName":"ComfyUIGraph Node Classification should classify SaveImage as output","status":"passed","title":"should classify SaveImage as output","duration":0.2058999999999287,"failureMessages":[],"meta":{}},{"ancestorTitles":["ComfyUIGraph","Node Classification"],"fullName":"ComfyUIGraph Node Classification should classify PreviewImage as output","status":"passed","title":"should classify PreviewImage as output","duration":0.15960000000018226,"failureMessages":[],"meta":{}},{"ancestorTitles":["ComfyUIGraph","Node Classification"],"fullName":"ComfyUIGraph Node Classification should classify CLIPTextEncode as conditioning","status":"passed","title":"should classify CLIPTextEncode as conditioning","duration":0.2212000000001808,"failureMessages":[],"meta":{}},{"ancestorTitles":["ComfyUIGraph","Node Classification"],"fullName":"ComfyUIGraph Node Classification should classify VAEDecode as vae","status":"passed","title":"should classify VAEDecode as vae","duration":0.1754000000000815,"failureMessages":[],"meta":{}},{"ancestorTitles":["ComfyUIGraph","Node Classification"],"fullName":"ComfyUIGraph Node Classification should classify unknown nodes as other","status":"passed","title":"should classify unknown nodes as other","duration":0.1976999999999407,"failureMessages":[],"meta":{}},{"ancestorTitles":["ComfyUIGraph","getNodesByType"],"fullName":"ComfyUIGraph getNodesByType should find all nodes of a specific type","status":"passed","title":"should find all nodes of a specific type","duration":2.4630999999999403,"failureMessages":[],"meta":{}},{"ancestorTitles":["ComfyUIGraph","getNodesByType"],"fullName":"ComfyUIGraph getNodesByType should return empty array if no nodes match","status":"passed","title":"should return empty array if no nodes match","duration":0.28300000000012915,"failureMessages":[],"meta":{}},{"ancestorTitles":["ComfyUIGraph","getSinkNodes"],"fullName":"ComfyUIGraph getSinkNodes should find nodes with no children","status":"passed","title":"should find nodes with no children","duration":0.3187000000000353,"failureMessages":[],"meta":{}},{"ancestorTitles":["ComfyUIGraph","getSinkNodes"],"fullName":"ComfyUIGraph getSinkNodes should find multiple sink nodes","status":"passed","title":"should find multiple sink nodes","duration":0.5362999999999829,"failureMessages":[],"meta":{}},{"ancestorTitles":["ComfyUIGraph","getSinkNodes"],"fullName":"ComfyUIGraph getSinkNodes should include disconnected intermediate nodes as sinks","status":"passed","title":"should include disconnected intermediate nodes as sinks","duration":0.4781000000000404,"failureMessages":[],"meta":{}},{"ancestorTitles":["ComfyUIGraph","getSinkNodes"],"fullName":"ComfyUIGraph getSinkNodes should return all nodes if no connections exist","status":"passed","title":"should return all nodes if no connections exist","duration":0.6630999999999858,"failureMessages":[],"meta":{}},{"ancestorTitles":["ComfyUIGraph","getOutputNodes"],"fullName":"ComfyUIGraph getOutputNodes should find only output nodes","status":"passed","title":"should find only output nodes","duration":0.49700000000007094,"failureMessages":[],"meta":{}},{"ancestorTitles":["ComfyUIGraph","getOutputNodes"],"fullName":"ComfyUIGraph getOutputNodes should find multiple output nodes","status":"passed","title":"should find multiple output nodes","duration":0.5480999999999767,"failureMessages":[],"meta":{}},{"ancestorTitles":["ComfyUIGraph","getOutputNodes"],"fullName":"ComfyUIGraph getOutputNodes should return empty array if no output nodes exist","status":"passed","title":"should return empty array if no output nodes exist","duration":0.23080000000004475,"failureMessages":[],"meta":{}},{"ancestorTitles":["ComfyUIGraph","getSinkNodes"],"fullName":"ComfyUIGraph getSinkNodes should find nodes with no children","status":"passed","title":"should find nodes with no children","duration":0.49450000000001637,"failureMessages":[],"meta":{}},{"ancestorTitles":["ComfyUIGraph","getSinkNodes"],"fullName":"ComfyUIGraph getSinkNodes should find multiple sink nodes","status":"passed","title":"should find multiple sink nodes","duration":0.5683000000001357,"failureMessages":[],"meta":{}},{"ancestorTitles":["ComfyUIGraph","getSinkNodes"],"fullName":"ComfyUIGraph getSinkNodes should return all nodes if no connections exist","status":"passed","title":"should return all nodes if no connections exist","duration":0.28899999999998727,"failureMessages":[],"meta":{}},{"ancestorTitles":["ComfyUIGraph","traceToType"],"fullName":"ComfyUIGraph traceToType should find nodes of target type by backtracing","status":"passed","title":"should find nodes of target type by backtracing","duration":1.3208999999999378,"failureMessages":[],"meta":{}},{"ancestorTitles":["ComfyUIGraph","traceToType"],"fullName":"ComfyUIGraph traceToType should find multiple nodes at different depths","status":"passed","title":"should find multiple nodes at different depths","duration":0.6936000000000604,"failureMessages":[],"meta":{}},{"ancestorTitles":["ComfyUIGraph","traceToType"],"fullName":"ComfyUIGraph traceToType should respect maxDepth parameter","status":"passed","title":"should respect maxDepth parameter","duration":0.3289999999999509,"failureMessages":[],"meta":{}},{"ancestorTitles":["ComfyUIGraph","traceToType"],"fullName":"ComfyUIGraph traceToType should return empty array if no nodes found","status":"passed","title":"should return empty array if no nodes found","duration":0.23099999999999454,"failureMessages":[],"meta":{}},{"ancestorTitles":["ComfyUIGraph","traceToType"],"fullName":"ComfyUIGraph traceToType should handle cycles gracefully","status":"passed","title":"should handle cycles gracefully","duration":0.22820000000001528,"failureMessages":[],"meta":{}},{"ancestorTitles":["ComfyUIGraph","resolveInput"],"fullName":"ComfyUIGraph resolveInput should return direct value if not a link","status":"passed","title":"should return direct value if not a link","duration":0.35369999999988977,"failureMessages":[],"meta":{}},{"ancestorTitles":["ComfyUIGraph","resolveInput"],"fullName":"ComfyUIGraph resolveInput should resolve link to parent node","status":"passed","title":"should resolve link to parent node","duration":0.2718999999999596,"failureMessages":[],"meta":{}},{"ancestorTitles":["ComfyUIGraph","resolveInput"],"fullName":"ComfyUIGraph resolveInput should resolve through passthrough nodes","status":"passed","title":"should resolve through passthrough nodes","duration":0.26729999999997744,"failureMessages":[],"meta":{}},{"ancestorTitles":["ComfyUIGraph","resolveInput"],"fullName":"ComfyUIGraph resolveInput should try common value keys if same key not found","status":"passed","title":"should try common value keys if same key not found","duration":0.20209999999997308,"failureMessages":[],"meta":{}},{"ancestorTitles":["ComfyUIGraph","resolveInput"],"fullName":"ComfyUIGraph resolveInput should handle text inputs","status":"passed","title":"should handle text inputs","duration":0.17210000000000036,"failureMessages":[],"meta":{}},{"ancestorTitles":["ComfyUIGraph","resolveInput"],"fullName":"ComfyUIGraph resolveInput should return null if node not found","status":"passed","title":"should return null if node not found","duration":0.15259999999989304,"failureMessages":[],"meta":{}},{"ancestorTitles":["ComfyUIGraph","resolveInput"],"fullName":"ComfyUIGraph resolveInput should return null if input key not found","status":"passed","title":"should return null if input key not found","duration":0.1711999999999989,"failureMessages":[],"meta":{}},{"ancestorTitles":["ComfyUIGraph","resolveInput"],"fullName":"ComfyUIGraph resolveInput should handle cycles gracefully","status":"passed","title":"should handle cycles gracefully","duration":0.27700000000004366,"failureMessages":[],"meta":{}},{"ancestorTitles":["ComfyUIGraph","Edge Cases"],"fullName":"ComfyUIGraph Edge Cases should handle nodes with no inputs","status":"passed","title":"should handle nodes with no inputs","duration":0.27549999999996544,"failureMessages":[],"meta":{}},{"ancestorTitles":["ComfyUIGraph","Edge Cases"],"fullName":"ComfyUIGraph Edge Cases should handle nodes with empty inputs object","status":"passed","title":"should handle nodes with empty inputs object","duration":0.2440999999998894,"failureMessages":[],"meta":{}},{"ancestorTitles":["ComfyUIGraph","Edge Cases"],"fullName":"ComfyUIGraph Edge Cases should handle numeric node IDs","status":"passed","title":"should handle numeric node IDs","duration":0.28920000000016444,"failureMessages":[],"meta":{}},{"ancestorTitles":["ComfyUIGraph","Edge Cases"],"fullName":"ComfyUIGraph Edge Cases should handle malformed links gracefully","status":"passed","title":"should handle malformed links gracefully","duration":0.18790000000012697,"failureMessages":[],"meta":{}}],"startTime":1770895568720,"endTime":1770895568745.2893,"status":"passed","message":"","name":"E:/Project/comfyui-auto-tagger/tests/unit/ComfyUIGraph.test.js"},{"assertionResults":[{"ancestorTitles":["ComfyUIParser - Generation Steps Extraction","generationSteps Array Structure"],"fullName":"ComfyUIParser - Generation Steps Extraction generationSteps Array Structure should create generationSteps array with correct structure","status":"passed","title":"should create generationSteps array with correct structure","duration":6.524000000000001,"failureMessages":[],"meta":{}},{"ancestorTitles":["ComfyUIParser - Generation Steps Extraction","generationSteps Array Structure"],"fullName":"ComfyUIParser - Generation Steps Extraction generationSteps Array Structure should extract individual prompts for each sampler","status":"passed","title":"should extract individual prompts for each sampler","duration":1.2364000000000033,"failureMessages":[],"meta":{}},{"ancestorTitles":["ComfyUIParser - Generation Steps Extraction","generationSteps Array Structure"],"fullName":"ComfyUIParser - Generation Steps Extraction generationSteps Array Structure should maintain backward compatibility with extra_samplers","status":"passed","title":"should maintain backward compatibility with extra_samplers","duration":0.8224999999999909,"failureMessages":[],"meta":{}},{"ancestorTitles":["ComfyUIParser - Generation Steps Extraction","Node Title and Group Extraction"],"fullName":"ComfyUIParser - Generation Steps Extraction Node Title and Group Extraction should extract node title from workflow","status":"passed","title":"should extract node title from workflow","duration":0.8081999999999425,"failureMessages":[],"meta":{}},{"ancestorTitles":["ComfyUIParser - Generation Steps Extraction","Node Title and Group Extraction"],"fullName":"ComfyUIParser - Generation Steps Extraction Node Title and Group Extraction should extract node group from workflow","status":"passed","title":"should extract node group from workflow","duration":0.5389000000000124,"failureMessages":[],"meta":{}},{"ancestorTitles":["ComfyUIParser - Generation Steps Extraction","Node Title and Group Extraction"],"fullName":"ComfyUIParser - Generation Steps Extraction Node Title and Group Extraction should handle workflow without titles or groups","status":"passed","title":"should handle workflow without titles or groups","duration":0.681699999999978,"failureMessages":[],"meta":{}},{"ancestorTitles":["ComfyUIParser - Generation Steps Extraction","Base Sampler Identification"],"fullName":"ComfyUIParser - Generation Steps Extraction Base Sampler Identification should mark the base sampler correctly","status":"passed","title":"should mark the base sampler correctly","duration":0.6590999999999667,"failureMessages":[],"meta":{}},{"ancestorTitles":["ComfyUIParser - Generation Steps Extraction","Base Sampler Identification"],"fullName":"ComfyUIParser - Generation Steps Extraction Base Sampler Identification should assign stepIndex correctly","status":"passed","title":"should assign stepIndex correctly","duration":2.1277999999999793,"failureMessages":[],"meta":{}},{"ancestorTitles":["ComfyUIParser - Generation Steps Extraction","Distance Calculation"],"fullName":"ComfyUIParser - Generation Steps Extraction Distance Calculation should calculate distance to latent source","status":"passed","title":"should calculate distance to latent source","duration":0.7141000000000304,"failureMessages":[],"meta":{}},{"ancestorTitles":["ComfyUIParser - Generation Steps Extraction","Edge Cases"],"fullName":"ComfyUIParser - Generation Steps Extraction Edge Cases should handle samplers without prompts","status":"passed","title":"should handle samplers without prompts","duration":0.4298999999999751,"failureMessages":[],"meta":{}},{"ancestorTitles":["ComfyUIParser - Generation Steps Extraction","Edge Cases"],"fullName":"ComfyUIParser - Generation Steps Extraction Edge Cases should handle empty prompt text","status":"passed","title":"should handle empty prompt text","duration":0.40980000000001837,"failureMessages":[],"meta":{}},{"ancestorTitles":["ComfyUIParser - Generation Steps Extraction","Edge Cases"],"fullName":"ComfyUIParser - Generation Steps Extraction Edge Cases should trim whitespace from prompts","status":"passed","title":"should trim whitespace from prompts","duration":0.4599999999999227,"failureMessages":[],"meta":{}},{"ancestorTitles":["ComfyUIParser - Generation Steps Extraction","Checkpoint Tracking"],"fullName":"ComfyUIParser - Generation Steps Extraction Checkpoint Tracking should track checkpoint for each sampler","status":"passed","title":"should track checkpoint for each sampler","duration":0.9375,"failureMessages":[],"meta":{}},{"ancestorTitles":["ComfyUIParser - Generation Steps Extraction","Checkpoint Tracking"],"fullName":"ComfyUIParser - Generation Steps Extraction Checkpoint Tracking should handle samplers without checkpoint","status":"passed","title":"should handle samplers without checkpoint","duration":0.4354000000000724,"failureMessages":[],"meta":{}},{"ancestorTitles":["ComfyUIParser - Generation Steps Extraction","Checkpoint Tracking"],"fullName":"ComfyUIParser - Generation Steps Extraction Checkpoint Tracking should fallback to workflow checkpoint if not found in prompt","status":"passed","title":"should fallback to workflow checkpoint if not found in prompt","duration":0.4554999999999154,"failureMessages":[],"meta":{}},{"ancestorTitles":["ComfyUIParser - Generation Steps Extraction","Exception Cases"],"fullName":"ComfyUIParser - Generation Steps Extraction Exception Cases should handle workflow with no KSampler nodes","status":"passed","title":"should handle workflow with no KSampler nodes","duration":0.5571999999999662,"failureMessages":[],"meta":{}},{"ancestorTitles":["ComfyUIParser - Generation Steps Extraction","Exception Cases"],"fullName":"ComfyUIParser - Generation Steps Extraction Exception Cases should handle workflow with no SaveImage node (fallback mode)","status":"passed","title":"should handle workflow with no SaveImage node (fallback mode)","duration":0.3664999999999736,"failureMessages":[],"meta":{}},{"ancestorTitles":["ComfyUIParser - Generation Steps Extraction","Exception Cases"],"fullName":"ComfyUIParser - Generation Steps Extraction Exception Cases should handle circular references in workflow","status":"passed","title":"should handle circular references in workflow","duration":1.727899999999977,"failureMessages":[],"meta":{}},{"ancestorTitles":["ComfyUIParser - Generation Steps Extraction","Exception Cases"],"fullName":"ComfyUIParser - Generation Steps Extraction Exception Cases should handle malformed prompt data","status":"passed","title":"should handle malformed prompt data","duration":23.449600000000032,"failureMessages":[],"meta":{}}],"startTime":1770895568540,"endTime":1770895568584.4497,"status":"passed","message":"","name":"E:/Project/comfyui-auto-tagger/tests/unit/ComfyUIParser.generationSteps.test.js"},{"assertionResults":[{"ancestorTitles":["ComfyUIParser Integration Tests"],"fullName":"Comfy
[...]
start":{"line":136,"column":8},"end":{"line":136,"column":26}},{"start":{"line":136,"column":30},"end":{"line":136,"column":44}}],"line":136},"31":{"loc":{"start":{"line":140,"column":4},"end":{"line":142,"column":5}},"type":"if","locations":[{"start":{"line":140,"column":4},"end":{"line":142,"column":5}},{"start":{},"end":{}}],"line":140},"32":{"loc":{"start":{"line":145,"column":4},"end":{"line":147,"column":5}},"type":"if","locations":[{"start":{"line":145,"column":4},"end":{"line":147,"column":5}},{"start":{},"end":{}}],"line":145},"33":{"loc":{"start":{"line":145,"column":8},"end":{"line":145,"column":42}},"type":"binary-expr","locations":[{"start":{"line":145,"column":8},"end":{"line":145,"column":25}},{"start":{"line":145,"column":29},"end":{"line":145,"column":42}}],"line":145},"34":{"loc":{"start":{"line":148,"column":4},"end":{"line":150,"column":5}},"type":"if","locations":[{"start":{"line":148,"column":4},"end":{"line":150,"column":5}},{"start":{},"end":{}}],"line":148},"35":{"loc":{"start":{"line":148,"column":8},"end":{"line":148,"column":42}},"type":"binary-expr","locations":[{"start":{"line":148,"column":8},"end":{"line":148,"column":25}},{"start":{"line":148,"column":29},"end":{"line":148,"column":42}}],"line":148},"36":{"loc":{"start":{"line":161,"column":4},"end":{"line":167,"column":5}},"type":"if","locations":[{"start":{"line":161,"column":4},"end":{"line":167,"column":5}},{"start":{"line":163,"column":11},"end":{"line":167,"column":5}}],"line":161},"37":{"loc":{"start":{"line":163,"column":11},"end":{"line":167,"column":5}},"type":"if","locations":[{"start":{"line":163,"column":11},"end":{"line":167,"column":5}},{"start":{"line":165,"column":11},"end":{"line":167,"column":5}}],"line":163},"38":{"loc":{"start":{"line":166,"column":21},"end":{"line":166,"column":47}},"type":"binary-expr","locations":[{"start":{"line":166,"column":21},"end":{"line":166,"column":34}},{"start":{"line":166,"column":38},"end":{"line":166,"column":47}}],"line":166},"39":{"loc":{"start":{"line":170,"column":4},"end":{"line":174,"column":5}},"type":"if","locations":[{"start":{"line":170,"column":4},"end":{"line":174,"column":5}},{"start":{"line":172,"column":11},"end":{"line":174,"column":5}}],"line":170},"40":{"loc":{"start":{"line":185,"column":4},"end":{"line":187,"column":5}},"type":"if","locations":[{"start":{"line":185,"column":4},"end":{"line":187,"column":5}},{"start":{},"end":{}}],"line":185},"41":{"loc":{"start":{"line":185,"column":8},"end":{"line":185,"column":52}},"type":"binary-expr","locations":[{"start":{"line":185,"column":8},"end":{"line":185,"column":21}},{"start":{"line":185,"column":25},"end":{"line":185,"column":52}}],"line":185},"42":{"loc":{"start":{"line":190,"column":4},"end":{"line":192,"column":5}},"type":"if","locations":[{"start":{"line":190,"column":4},"end":{"line":192,"column":5}},{"start":{},"end":{}}],"line":190},"43":{"loc":{"start":{"line":190,"column":8},"end":{"line":190,"column":40}},"type":"binary-expr","locations":[{"start":{"line":190,"column":8},"end":{"line":190,"column":22}},{"start":{"line":190,"column":26},"end":{"line":190,"column":40}}],"line":190},"44":{"loc":{"start":{"line":193,"column":4},"end":{"line":195,"column":5}},"type":"if","locations":[{"start":{"line":193,"column":4},"end":{"line":195,"column":5}},{"start":{},"end":{}}],"line":193},"45":{"loc":{"start":{"line":193,"column":8},"end":{"line":193,"column":36}},"type":"binary-expr","locations":[{"start":{"line":193,"column":8},"end":{"line":193,"column":20}},{"start":{"line":193,"column":24},"end":{"line":193,"column":36}}],"line":193},"46":{"loc":{"start":{"line":196,"column":4},"end":{"line":198,"column":5}},"type":"if","locations":[{"start":{"line":196,"column":4},"end":{"line":198,"column":5}},{"start":{},"end":{}}],"line":196},"47":{"loc":{"start":{"line":196,"column":8},"end":{"line":196,"column":44}},"type":"binary-expr","locations":[{"start":{"line":196,"column":8},"end":{"line":196,"column":24}},{"start":{"line":196,"column":28},"end":{"line":196,"column":44}}],"line":196},"48":{"loc":{"start":{"line":199,"column":4},"end":{"line":201,"column":5}},"type":"if","locations":[{"start":{"line":199,"column":4},"end":{"line":201,"column":5}},{"start":{},"end":{}}],"line":199},"49":{"loc":{"start":{"line":199,"column":8},"end":{"line":199,"column":48}},"type":"binary-expr","locations":[{"start":{"line":199,"column":8},"end":{"line":199,"column":26}},{"start":{"line":199,"column":30},"end":{"line":199,"column":48}}],"line":199},"50":{"loc":{"start":{"line":202,"column":4},"end":{"line":204,"column":5}},"type":"if","locations":[{"start":{"line":202,"column":4},"end":{"line":204,"column":5}},{"start":{},"end":{}}],"line":202},"51":{"loc":{"start":{"line":207,"column":4},"end":{"line":239,"column":5}},"type":"if","locations":[{"start":{"line":207,"column":4},"end":{"line":239,"column":5}},{"start":{},"end":{}}],"line":207},"52":{"loc":{"start":{"line":207,"column":8},"end":{"line":207,"column":69}},"type":"binary-expr","locations":[{"start":{"line":207,"column":8},"end":{"line":207,"column":31}},{"start":{"line":207,"column":35},"end":{"line":207,"column":69}}],"line":207},"53":{"loc":{"start":{"line":217,"column":8},"end":{"line":217,"column":86}},"type":"if","locations":[{"start":{"line":217,"column":8},"end":{"line":217,"column":86}},{"start":{},"end":{}}],"line":217},"54":{"loc":{"start":{"line":217,"column":12},"end":{"line":217,"column":62}},"type":"binary-expr","locations":[{"start":{"line":217,"column":12},"end":{"line":217,"column":32}},{"start":{"line":217,"column":36},"end":{"line":217,"column":62}}],"line":217},"55":{"loc":{"start":{"line":218,"column":8},"end":{"line":218,"column":89}},"type":"if","locations":[{"start":{"line":218,"column":8},"end":{"line":218,"column":89}},{"start":{},"end":{}}],"line":218},"56":{"loc":{"start":{"line":218,"column":12},"end":{"line":218,"column":64}},"type":"binary-expr","locations":[{"start":{"line":218,"column":12},"end":{"line":218,"column":33}},{"start":{"line":218,"column":37},"end":{"line":218,"column":64}}],"line":218},"57":{"loc":{"start":{"line":219,"column":8},"end":{"line":219,"column":81}},"type":"if","locations":[{"start":{"line":219,"column":8},"end":{"line":219,"column":81}},{"start":{},"end":{}}],"line":219},"58":{"loc":{"start":{"line":219,"column":12},"end":{"line":219,"column":59}},"type":"binary-expr","locations":[{"start":{"line":219,"column":12},"end":{"line":219,"column":31}},{"start":{"line":219,"column":35},"end":{"line":219,"column":59}}],"line":219},"59":{"loc":{"start":{"line":220,"column":8},"end":{"line":220,"column":87}},"type":"if","locations":[{"start":{"line":220,"column":8},"end":{"line":220,"column":87}},{"start":{},"end":{}}],"line":220},"60":{"loc":{"start":{"line":220,"column":12},"end":{"line":220,"column":57}},"type":"binary-expr","locations":[{"start":{"line":220,"column":12},"end":{"line":220,"column":21}},{"start":{"line":220,"column":25},"end":{"line":220,"column":57}}],"line":220},"61":{"loc":{"start":{"line":221,"column":8},"end":{"line":221,"column":97}},"type":"if","locations":[{"start":{"line":221,"column":8},"end":{"line":221,"column":97}},{"start":{},"end":{}}],"line":221},"62":{"loc":{"start":{"line":221,"column":12},"end":{"line":221,"column":63}},"type":"binary-expr","locations":[{"start":{"line":221,"column":12},"end":{"line":221,"column":23}},{"start":{"line":221,"column":27},"end":{"line":221,"column":63}}],"line":221},"63":{"loc":{"start":{"line":224,"column":6},"end":{"line":226,"column":7}},"type":"if","locations":[{"start":{"line":224,"column":6},"end":{"line":226,"column":7}},{"start":{},"end":{}}],"line":224},"64":{"loc":{"start":{"line":224,"column":10},"end":{"line":224,"column":46}},"type":"binary-expr","locations":[{"start":{"line":224,"column":10},"end":{"line":224,"column":23}},{"start":{"line":224,"column":27},"end":{"line":224,"column":46}}],"line":224},"65":{"loc":{"start":{"line":227,"column":6},"end":{"line":229,"column":7}},"type":"if","locations":[{"start":{"line":227,"column":6},"end":{"line":229,"column":7}},{"start":{},"end":{}}],"line":227},"66":{"loc":{"start":{"line":227,"column":10},"end":{"line":227,"column":47}},"type":"binary-expr","locations":[{"start":{"line":227,"column":10},"end":{"line":227,"column":24}},{"start":{"line":227,"column":28},"end":{"line":227,"column":47}}],"line":227},"67":{"loc":{"start":{"line":230,"column":6},"end":{"line":232,"column":7}},"type":"if","locations":[{"start":{"line":230,"column":6},"end":{"line":232,"column":7}},{"start":{},"end":{}}],"line":230},"68":{"loc":{"start":{"line":230,"column":10},"end":{"line":230,"column":44}},"type":"binary-expr","locations":[{"start":{"line":230,"column":10},"end":{"line":230,"column":22}},{"start":{"line":230,"column":26},"end":{"line":230,"column":44}}],"line":230},"69":{"loc":{"start":{"line":233,"column":6},"end":{"line":235,"column":7}},"type":"if","locations":[{"start":{"line":233,"column":6},"end":{"line":235,"column":7}},{"start":{},"end":{}}],"line":233},"70":{"loc":{"start":{"line":233,"column":10},"end":{"line":233,"column":52}},"type":"binary-expr","locations":[{"start":{"line":233,"column":10},"end":{"line":233,"column":26}},{"start":{"line":233,"column":30},"end":{"line":233,"column":52}}],"line":233},"71":{"loc":{"start":{"line":236,"column":6},"end":{"line":238,"column":7}},"type":"if","locations":[{"start":{"line":236,"column":6},"end":{"line":238,"column":7}},{"start":{},"end":{}}],"line":236},"72":{"loc":{"start":{"line":236,"column":10},"end":{"line":236,"column":56}},"type":"binary-expr","locations":[{"start":{"line":236,"column":10},"end":{"line":236,"column":28}},{"start":{"line":236,"column":32},"end":{"line":236,"column":56}}],"line":236},"73":{"loc":{"start":{"line":241,"column":4},"end":{"line":243,"column":5}},"type":"if","locations":[{"start":{"line":241,"column":4},"end":{"line":243,"column":5}},{"start":{},"end":{}}],"line":241},"74":{"loc":{"start":{"line":241,"column":8},"end":{"line":241,"column":46}},"type":"binary-expr","locations":[{"start":{"line":241,"column":8},"end":{"line":241,"column":25}},{"start":{"line":241,"column":29},"end":{"line":241,"column":46}}],"line":241},"75":{"loc":{"start":{"line":244,"column":4},"end":{"line":246,"column":5}},"type":"if","locations":[{"start":{"line":244,"column":4},"end":{"line":246,"column":5}},{"start":{},"end":{}}],"line":244},"76":{"loc":{"start":{"line":244,"column":8},"end":{"line":244,"column":46}},"type":"binary-expr","locations":[{"start":{"line":244,"column":8},"end":{"line":244,"column":25}},{"start":{"line":244,"column":29},"end":{"line":244,"column":46}}],"line":244},"77":{"loc":{"start":{"line":253,"column":0},"end":{"line":255,"column":1}},"type":"if","locations":[{"start":{"line":253,"column":0},"end":{"line":255,"column":1}},{"start":{},"end":{}}],"line":253},"78":{"loc":{"start":{"line":256,"column":0},"end":{"line":258,"column":1}},"type":"if","locations":[{"start":{"line":256,"column":0},"end":{"line":258,"column":1}},{"start":{},"end":{}}],"line":256},"79":{"loc":{"start":{"line":256,"column":4},"end":{"line":256,"column":51}},"type":"binary-expr","locations":[{"start":{"line":256,"column":4},"end":{"line":256,"column":33}},{"start":{"line":256,"column":37},"end":{"line":256,"column":51}}],"line":256},"80":{"loc":{"start":{"line":260,"column":3},"end":{"line":260,"column":50}},"type":"cond-expr","locations":[{"start":{"line":260,"column":35},"end":{"line":260,"column":41}},{"start":{"line":260,"column":44},"end":{"line":260,"column":50}}],"line":260}},"s":{"0":4,"1":30,"2":0,"3":30,"4":38,"5":38,"6":0,"7":3,"8":1,"9":0,"10":2,"11":35,"12":18,"13":35,"14":9,"15":2,"16":9,"17":1,"18":2,"19":9,"20":5,"21":0,"22":28,"23":6,"24":6,"25":6,"26":9,"27":16,"28":16,"29":1,"30":8,"31":13,"32":35,"33":9,"34":28,"35":5,"36":5,"37":0,"38":0,"39":0,"40":0,"41":27,"42":0,"43":24,"44":28,"45":24,"46":1,"47":1,"48":1,"49":4,"50":1,"51":24,"52":0,"53":0,"54":1,"55":1,"56":28,"57":1,"58":1,"59":1,"60":27,"61":1,"62":26,"63":19,"64":19,"65":9,"66":1,"67":16,"68":8,"69":16,"70":16,"71":5,"72":5,"73":4,"74":1,"75":1,"76":0,"77":1,"78":1,"79":6,"80":0,"81":8,"82":1,"83":8,"84":8,"85":8,"86":1,"87":8,"88":17,"89":17,"90":17,"91":4,"92":17,"93":2,"94":14,"95":14,"96":2,"97":2,"98":4,"99":0,"100":2,"101":2,"102":2,"103":2,"104":4,"105":3,"106":3,"107":0,"108":1,"109":8,"110":6,"111":6,"112":4,"113":1,"114":4,"115":0,"116":0,"117":4},"f":{"0":4,"1":4,"2":4,"3":2,"4":9,"5":0,"6":28,"7":5,"8":17,"9":4},"b":{"0":[0,30],"1":[38,36,28,20,11,20,12,8,4,2,2,1,1,5,2,4,1,1,0],"2":[0,0],"3":[2,-2],"4":[18,17],"5":[35,28],"6":[9,26],"7":[35,22],"8":[1,16],"9":[9,20],"10":[2,-1],"11":[0,0],"12":[9,-3],"13":[1,15],"14":[8,-7],"15":[35,1],"16":[5,23],"17":[28,24],"18":[5,5],"19":[0,0],"20":[0,0,0],"21":[27,-27],"22":[0,27],"23":[24,-24],"24":[0,25],"25":[24,4],"26":[28,25],"27":[1,0],"28":[1,25],"29":[4,-3],"30":[1,19],"31":[24,-23],"32":[0,0],"33":[0,0],"34":[1,0],"35":[1,1],"36":[1,27],"37":[1,26],"38":[2,26],"39":[19,9],"40":[8,8],"41":[9,9],"42":[5,11],"43":[6,5],"44":[4,1],"45":[5,4],"46":[1,0],"47":[1,1],"48":[1,-1],"49":[4,1],"50":[6,-5],"51":[0,0],"52":[0,8],"53":[17,0],"54":[17,17],"55":[17,0],"56":[4,4],"57":[2,15],"58":[4,4],"59":[14,0],"60":[14,14],"61":[2,0],"62":[2,2],"63":[0,4],"64":[4,0],"65":[2,0],"66":[2,0],"67":[2,0],"68":[2,2],"69":[3,0],"70":[3,3],"71":[1,-1],"72":[0,1],"73":[6,2],"74":[8,6],"75":[4,2],"76":[6,4],"77":[0,4],"78":[4,-4],"79":[0,4],"80":[1,1]},"meta":{"lastBranch":81,"lastFunction":10,"lastStatement":118,"seen":{"s:3:0:260:52":0,"f:3:1:3:9":0,"f:19:9:19:20":1,"b:20:4:20:25:undefined:undefined:undefined:undefined":0,"s:20:4:20:25":1,"s:20:15:20:25":2,"s:21:4:21:64":3,"f:35:9:35:14":2,"s:36:18:36:20":4,"s:39:23:48:69":5,"b:39:23:39:48:40:7:40:26:40:30:40:49:41:7:41:20:41:24:41:38:42:7:42:31:42:35:42:70:43:7:43:20:43:24:43:51:44:7:44:21:44:25:44:53:45:7:45:23:45:27:45:43:46:7:46:24:46:28:46:45:47:7:47:24:47:28:47:45:48:7:48:30:48:34:48:68":1,"b:50:4:52:5:undefined:undefined:undefined:undefined":2,"s:50:4:52:5":6,"s:51:6:51:16":7,"s:55:4:55:36":8,"b:58:4:60:5:undefined:undefined:undefined:undefined":3,"s:58:4:60:5":9,"s:59:6:59:67":10,"b:63:4:65:5:undefined:undefined:undefined:undefined":4,"s:63:4:65:5":11,"b:63:8:63:27:63:31:63:50":5,"s:64:6:64:91":12,"b:66:4:68:5:undefined:undefined:undefined:undefined":6,"s:66:4:68:5":13,"b:66:8:66:21:66:25:66:39":7,"s:67:6:67:103":14,"f:67:63:67:64":3,"s:67:68:67:87":15,"b:71:4:99:5:90:11:99:5":8,"s:71:4:99:5":16,"b:71:8:71:32:71:36:71:71":9,"b:72:6:74:7:undefined:undefined:undefined:undefined":10,"s:72:6:74:7":17,"s:73:8:73:23":18,"s:76:6:89:9":19,"f:76:39:76:40":4,"s:77:28:77:79":20,"b:79:8:88:9:undefined:undefined:undefined:undefined":11,"s:79:8:88:9":21,"s:80:28:80:61":22,"s:81:10:81:39":23,"s:82:10:82:37":24,"b:85:10:87:11:undefined:undefined:undefined:undefined":12,"s:85:10:87:11":25,"s:86:12:86:27":26,"s:92:28:92:77":27,"b:93:6:98:7:undefined:undefined:undefined:undefined":13,"s:93:6:98:7":28,"b:94:8:96:9:undefined:undefined:undefined:undefined":14,"s:94:8:96:9":29,"s:95:10:95:25":30,"s:97:8:97:37":31,"s:101:4:101:52":32,"b:101:30:101:46:101:49:101:51":15,"f:108:9:108:26":5,"s:109:24:109:26":33,"b:112:4:120:5:undefined:undefined:undefined:undefined":16,"s:112:4:120:5":34,"b:112:8:112:27:112:31:112:46":17,"s:113:29:113:62":35,"s:114:31:114:97":36,"b:114:53:114:90:114:93:114:97":18,"b:117:6:119:7:undefined:undefined:undefined:undefined":19,"s:117:6:119:7":37,"b:117:10:117:27:117:31:117:66:117:70:117:107":20,"s:118:8:118:76":38,"s:123:19:123:21":39,"b:124:4:126:5:undefined:undefined:undefined:undefined":21,"s:124:4:126:5":40,"b:124:8:124:21:124:25:124:48":22,"s:125:6:125:63":41,"b:127:4:129:5:undefined:undefined:undefined:undefined":23,"s:127:4:129:5":42,"b:127:8:127:22:127:26:127:50":24,"s:128:6:128:60":43,"b:130:4:132:5:undefined:undefined:undefined:undefined":25,"s:130:4:132:5":44,"b:130:8:130:20:130:24:130:46":26,"s:131:6:131:57":45,"b:133:4:135:5:undefined:undefined:undefined:undefined":27,"s:133:4:135:5":46,"b:133:8:133:24:133:28:133:40":28,"s:134:6:134:64":47,"b:136:4:138:5:undefined:undefined:undefined:undefined":29,"s:136:4:138:5":48,"b:136:8:136:26:136:30:136:44":30,"s:137:6:137:50":49,"b:140:4:142:5:undefined:undefined:undefined:undefined":31,"s:140:4:142:5":50,"s:141:6:141:43":51,"b:145:4:147:5:undefined:undefined:undefined:undefined":32,"s:145:4:147:5":52,"b:145:8:145:25:145:29:145:42":33,"s:146:6:146:53":53,"b:148:4:150:5:undefined:undefined:undefined:undefined":34,"s:148:4:150:5":54,"b:148:8:148:25:148:29:148:42":35,"s:149:6:149:53":55,"s:152:4:152:23":56,"f:159:9:159:24":6,"s:160:20:160:22":57,"b:161:4:167:5:163:11:167:5":36,"s:161:4:167:5":58,"s:162:6:162:33":59,"b:163:11:167:5:165:11:167:5":37,"s:163:11:167:5":60,"s:164:6:164:59":61,"s:166:6:166:71":62,"b:166:21:166:34:166:38:166:47":38,"b:170:4:174:5:172:11:174:5":39,"s:170:4:174:5":63,"s:171:6:171:43":64,"s:173:6:173:48":65,"f:181:9:181:30":7,"s:182:26:182:28":66,"b:185:4:187:5:undefined:undefined:undefined:undefined":40,"s:185:4:187:5":67,"b:185:8:185:21:185:25:185:52":41,"s:186:6:186:69":68,"s:189:23:189:25":69,"b:190:4:192:5:undefined:undefined:undefined:undefined":42,"s:190:4:192:5":70,"b:190:8:190:22:190:26:190:40":43,"s:191:6:191:68":71,"b:193:4:195:5:undefined:undefined:undefined:undefined":44,"s:193:4:195:5":72,"b:193:8:193:20:193:24:193:36":45,"s:194:6:194:65":73,"b:196:4:198:5:undefined:undefined:undefined:undefined":46,"s:196:4:198:5":74,"b:196:8:196:24:196:28:196:44":47,"s:197:6:197:72":75,"b:199:4:201:5:undefined:undefined:undefined:undefined":48,"s:199:4:201:5":76,"b:199:8:199:26:199:30:199:48":49,"s:200:6:200:58":77,"b:202:4:204:5:undefined:undefined:undefined:undefined":50,"s:202:4:204:5":78,"s:203:6:203:49":79,"b:207:4:239:5:undefined:undefined:undefined:undefined":51,"s:207:4:239:5":80,"b:207:8:207:31:207:35:207:69":52,"s:208:6:208:47":81,"s:210:23:210:25":82,"s:211:23:211:25":83,"s:212:22:212:24":84,"s:213:26:213:28":85,"s:214:28:214:30":86,"s:216:6:222:9":87,"f:216:38:216:39":8,"b:217:8:217:86:undefined:undefined:undefined:undefined":53,"s:217:8:217:86":88,"b:217:12:217:32:217:36:217:62":54,"s:217:64:217:86":89,"b:218:8:218:89:undefined:undefined:undefined:undefined":55,"s:218:8:218:89":90,"b:218:12:218:33:218:37:218:64":56,"s:218:66:218:89":91,"b:219:8:219:81:undefined:undefined:undefined:undefined":57,"s:219:8:219:81":92,"b:219:12:219:31:219:35:219:59":58,"s:219:61:219:81":93,"b:220:8:220:87:undefined:undefined:undefined:undefined":59,"s:220:8:220:87":94,"b:220:12:220:21:220:25:220:57":60,"s:220:59:220:87":95,"b:221:8:221:97:undefined:undefined:undefined:undefined":61,"s:221:8:221:97":96,"b:221:12:221:23:221:27:221:63":62,"s:221:65:221:97":97,"b:224:6:226:7:undefined:undefined:undefined:undefined":63,"s:224:6:226:7":98,"b:224:10:224:23:224:27:224:46":64,"s:225:8:225:77":99,"b:227:6:229:7:undefined:undefined:undefined:undefined":65,"s:227:6:229:7":100,"b:227:10:227:24:227:28:227:47":66,"s:228:8:228:78":101,"b:230:6:232:7:undefined:undefined:undefined:undefined":67,"s:230:6:232:7":102,"b:230:10:230:22:230:26:230:44":68,"s:231:8:231:88":103,"f:231:47:231:48":9,"s:231:52:231:72":104,"b:233:6:235:7:undefined:undefined:undefined:undefined":69,"s:233:6:235:7":105,"b:233:10:233:26:233:30:233:52":70,"s:234:8:234:83":106,"b:236:6:238:7:undefined:undefined:undefined:undefined":71,"s:236:6:238:7":107,"b:236:10:236:28:236:32:236:56":72,"s:237:8:237:69":108,"b:241:4:243:5:undefined:undefined:undefined:undefined":73,"s:241:4:243:5":109,"b:241:8:241:25:241:29:241:46":74,"s:242:6:242:69":110,"b:244:4:246:5:undefined:undefined:undefined:undefined":75,"s:244:4:246:5":111,"b:244:8:244:25:244:29:244:46":76,"s:245:6:245:69":112,"s:248:4:248:25":113,"b:253:0:255:1:undefined:undefined:undefined:undefined":77,"s:253:0:255:1":114,"s:254:2:254:47":115,"b:256:0:258:1:undefined:undefined:undefined:undefined":78,"s:256:0:258:1":116,"b:256:4:256:33:256:37:256:51":79,"s:257:2:257:37":117,"b:260:35:260:41:260:44:260:50":80}}}}}